{"C:\\Users\\Арсен\\full-stack-ts\\frontend\\src\\App.tsx": {"path":"C:\\Users\\Арсен\\full-stack-ts\\frontend\\src\\App.tsx","statementMap":{"0":{"start":{"line":21,"column":2},"end":{"line":72,"column":4}}},"fnMap":{"0":{"name":"App","decl":{"start":{"line":20,"column":9},"end":{"line":20,"column":12}},"loc":{"start":{"line":20,"column":15},"end":{"line":73,"column":1}},"line":20}},"branchMap":{},"s":{"0":1},"f":{"0":1},"b":{},"_coverageSchema":"1a1c01bbd47fc00a2c39e90264f33305004495a9","hash":"fdc035f1349c2e96d9ffbe7d039ed778f622dd8c"}
,"C:\\Users\\Арсен\\full-stack-ts\\frontend\\src\\reportWebVitals.ts": {"path":"C:\\Users\\Арсен\\full-stack-ts\\frontend\\src\\reportWebVitals.ts","statementMap":{"0":{"start":{"line":3,"column":24},"end":{"line":13,"column":1}},"1":{"start":{"line":4,"column":2},"end":{"line":12,"column":3}},"2":{"start":{"line":5,"column":4},"end":{"line":11,"column":7}},"3":{"start":{"line":6,"column":6},"end":{"line":6,"column":26}},"4":{"start":{"line":7,"column":6},"end":{"line":7,"column":26}},"5":{"start":{"line":8,"column":6},"end":{"line":8,"column":26}},"6":{"start":{"line":9,"column":6},"end":{"line":9,"column":26}},"7":{"start":{"line":10,"column":6},"end":{"line":10,"column":27}}},"fnMap":{"0":{"name":"(anonymous_0)","decl":{"start":{"line":3,"column":24},"end":{"line":3,"column":25}},"loc":{"start":{"line":3,"column":57},"end":{"line":13,"column":1}},"line":3},"1":{"name":"(anonymous_1)","decl":{"start":{"line":5,"column":30},"end":{"line":5,"column":31}},"loc":{"start":{"line":5,"column":79},"end":{"line":11,"column":5}},"line":5}},"branchMap":{"0":{"loc":{"start":{"line":4,"column":2},"end":{"line":12,"column":3}},"type":"if","locations":[{"start":{"line":4,"column":2},"end":{"line":12,"column":3}},{"start":{},"end":{}}],"line":4},"1":{"loc":{"start":{"line":4,"column":6},"end":{"line":4,"column":52}},"type":"binary-expr","locations":[{"start":{"line":4,"column":6},"end":{"line":4,"column":17}},{"start":{"line":4,"column":21},"end":{"line":4,"column":52}}],"line":4}},"s":{"0":0,"1":0,"2":0,"3":0,"4":0,"5":0,"6":0,"7":0},"f":{"0":0,"1":0},"b":{"0":[0,0],"1":[0,0]}}
,"C:\\Users\\Арсен\\full-stack-ts\\frontend\\src\\components\\MinioStatus.tsx": {"path":"C:\\Users\\Арсен\\full-stack-ts\\frontend\\src\\components\\MinioStatus.tsx","statementMap":{"0":{"start":{"line":7,"column":48},"end":{"line":162,"column":1}},"1":{"start":{"line":8,"column":38},"end":{"line":8,"column":57}},"2":{"start":{"line":9,"column":36},"end":{"line":9,"column":55}},"3":{"start":{"line":10,"column":32},"end":{"line":10,"column":46}},"4":{"start":{"line":11,"column":28},"end":{"line":11,"column":57}},"5":{"start":{"line":12,"column":19},"end":{"line":12,"column":28}},"6":{"start":{"line":14,"column":2},"end":{"line":38,"column":9}},"7":{"start":{"line":15,"column":28},"end":{"line":35,"column":5}},"8":{"start":{"line":16,"column":6},"end":{"line":34,"column":7}},"9":{"start":{"line":17,"column":8},"end":{"line":17,"column":25}},"10":{"start":{"line":18,"column":49},"end":{"line":22,"column":10}},"11":{"start":{"line":20,"column":48},"end":{"line":20,"column":50}},"12":{"start":{"line":21,"column":51},"end":{"line":21,"column":55}},"13":{"start":{"line":24,"column":8},"end":{"line":27,"column":11}},"14":{"start":{"line":28,"column":8},"end":{"line":28,"column":42}},"15":{"start":{"line":30,"column":8},"end":{"line":30,"column":60}},"16":{"start":{"line":31,"column":8},"end":{"line":31,"column":54}},"17":{"start":{"line":33,"column":8},"end":{"line":33,"column":26}},"18":{"start":{"line":37,"column":4},"end":{"line":37,"column":22}},"19":{"start":{"line":40,"column":2},"end":{"line":40,"column":86}},"20":{"start":{"line":40,"column":15},"end":{"line":40,"column":86}},"21":{"start":{"line":41,"column":2},"end":{"line":41,"column":57}},"22":{"start":{"line":41,"column":13},"end":{"line":41,"column":57}},"23":{"start":{"line":43,"column":2},"end":{"line":161,"column":4}},"24":{"start":{"line":102,"column":14},"end":{"line":116,"column":20}},"25":{"start":{"line":151,"column":14},"end":{"line":151,"column":63}},"26":{"start":{"line":152,"column":14},"end":{"line":152,"column":59}}},"fnMap":{"0":{"name":"(anonymous_0)","decl":{"start":{"line":7,"column":48},"end":{"line":7,"column":49}},"loc":{"start":{"line":7,"column":54},"end":{"line":162,"column":1}},"line":7},"1":{"name":"(anonymous_1)","decl":{"start":{"line":14,"column":12},"end":{"line":14,"column":13}},"loc":{"start":{"line":14,"column":18},"end":{"line":38,"column":3}},"line":14},"2":{"name":"(anonymous_2)","decl":{"start":{"line":15,"column":28},"end":{"line":15,"column":29}},"loc":{"start":{"line":15,"column":40},"end":{"line":35,"column":5}},"line":15},"3":{"name":"(anonymous_3)","decl":{"start":{"line":20,"column":42},"end":{"line":20,"column":43}},"loc":{"start":{"line":20,"column":48},"end":{"line":20,"column":50}},"line":20},"4":{"name":"(anonymous_4)","decl":{"start":{"line":21,"column":45},"end":{"line":21,"column":46}},"loc":{"start":{"line":21,"column":51},"end":{"line":21,"column":55}},"line":21},"5":{"name":"(anonymous_5)","decl":{"start":{"line":101,"column":27},"end":{"line":101,"column":28}},"loc":{"start":{"line":102,"column":14},"end":{"line":116,"column":20}},"line":102},"6":{"name":"(anonymous_6)","decl":{"start":{"line":150,"column":21},"end":{"line":150,"column":22}},"loc":{"start":{"line":150,"column":27},"end":{"line":153,"column":13}},"line":150}},"branchMap":{"0":{"loc":{"start":{"line":28,"column":21},"end":{"line":28,"column":40}},"type":"binary-expr","locations":[{"start":{"line":28,"column":21},"end":{"line":28,"column":34}},{"start":{"line":28,"column":38},"end":{"line":28,"column":40}}],"line":28},"1":{"loc":{"start":{"line":40,"column":2},"end":{"line":40,"column":86}},"type":"if","locations":[{"start":{"line":40,"column":2},"end":{"line":40,"column":86}},{"start":{},"end":{}}],"line":40},"2":{"loc":{"start":{"line":41,"column":2},"end":{"line":41,"column":57}},"type":"if","locations":[{"start":{"line":41,"column":2},"end":{"line":41,"column":57}},{"start":{},"end":{}}],"line":41},"3":{"loc":{"start":{"line":57,"column":58},"end":{"line":57,"column":101}},"type":"binary-expr","locations":[{"start":{"line":57,"column":58},"end":{"line":57,"column":92}},{"start":{"line":57,"column":96},"end":{"line":57,"column":101}}],"line":57},"4":{"loc":{"start":{"line":58,"column":13},"end":{"line":60,"column":13}},"type":"binary-expr","locations":[{"start":{"line":58,"column":13},"end":{"line":58,"column":17}},{"start":{"line":59,"column":14},"end":{"line":59,"column":75}}],"line":58},"5":{"loc":{"start":{"line":67,"column":46},"end":{"line":67,"column":107}},"type":"cond-expr","locations":[{"start":{"line":67,"column":87},"end":{"line":67,"column":95}},{"start":{"line":67,"column":98},"end":{"line":67,"column":107}}],"line":67},"6":{"loc":{"start":{"line":69,"column":13},"end":{"line":69,"column":74}},"type":"cond-expr","locations":[{"start":{"line":69,"column":54},"end":{"line":69,"column":62}},{"start":{"line":69,"column":65},"end":{"line":69,"column":74}}],"line":69},"7":{"loc":{"start":{"line":73,"column":41},"end":{"line":73,"column":95}},"type":"binary-expr","locations":[{"start":{"line":73,"column":41},"end":{"line":73,"column":79}},{"start":{"line":73,"column":83},"end":{"line":73,"column":95}}],"line":73},"8":{"loc":{"start":{"line":74,"column":47},"end":{"line":74,"column":86}},"type":"binary-expr","locations":[{"start":{"line":74,"column":47},"end":{"line":74,"column":81}},{"start":{"line":74,"column":85},"end":{"line":74,"column":86}}],"line":74},"9":{"loc":{"start":{"line":75,"column":13},"end":{"line":77,"column":13}},"type":"binary-expr","locations":[{"start":{"line":75,"column":13},"end":{"line":75,"column":31}},{"start":{"line":76,"column":14},"end":{"line":76,"column":69}}],"line":75},"10":{"loc":{"start":{"line":89,"column":41},"end":{"line":89,"column":71}},"type":"binary-expr","locations":[{"start":{"line":89,"column":41},"end":{"line":89,"column":60}},{"start":{"line":89,"column":64},"end":{"line":89,"column":71}}],"line":89},"11":{"loc":{"start":{"line":97,"column":7},"end":{"line":120,"column":7}},"type":"binary-expr","locations":[{"start":{"line":97,"column":7},"end":{"line":97,"column":27}},{"start":{"line":98,"column":8},"end":{"line":119,"column":14}}],"line":97},"12":{"loc":{"start":{"line":105,"column":46},"end":{"line":105,"column":75}},"type":"binary-expr","locations":[{"start":{"line":105,"column":46},"end":{"line":105,"column":55}},{"start":{"line":105,"column":59},"end":{"line":105,"column":75}}],"line":105},"13":{"loc":{"start":{"line":108,"column":21},"end":{"line":110,"column":21}},"type":"binary-expr","locations":[{"start":{"line":108,"column":21},"end":{"line":108,"column":39}},{"start":{"line":109,"column":22},"end":{"line":109,"column":96}}],"line":108},"14":{"loc":{"start":{"line":147,"column":7},"end":{"line":159,"column":7}},"type":"binary-expr","locations":[{"start":{"line":147,"column":7},"end":{"line":147,"column":28}},{"start":{"line":148,"column":8},"end":{"line":158,"column":14}}],"line":147}},"s":{"0":1,"1":0,"2":0,"3":0,"4":0,"5":0,"6":0,"7":0,"8":0,"9":0,"10":0,"11":0,"12":0,"13":0,"14":0,"15":0,"16":0,"17":0,"18":0,"19":0,"20":0,"21":0,"22":0,"23":0,"24":0,"25":0,"26":0},"f":{"0":0,"1":0,"2":0,"3":0,"4":0,"5":0,"6":0},"b":{"0":[0,0],"1":[0,0],"2":[0,0],"3":[0,0],"4":[0,0],"5":[0,0],"6":[0,0],"7":[0,0],"8":[0,0],"9":[0,0],"10":[0,0],"11":[0,0],"12":[0,0],"13":[0,0],"14":[0,0]},"_coverageSchema":"1a1c01bbd47fc00a2c39e90264f33305004495a9","hash":"d49149d51f20c89d6d943474210551d6f01339e4"}
,"C:\\Users\\Арсен\\full-stack-ts\\frontend\\src\\components\\Seo.tsx": {"path":"C:\\Users\\Арсен\\full-stack-ts\\frontend\\src\\components\\Seo.tsx","statementMap":{"0":{"start":{"line":21,"column":32},"end":{"line":61,"column":1}},"1":{"start":{"line":29,"column":23},"end":{"line":29,"column":36}},"2":{"start":{"line":30,"column":15},"end":{"line":30,"column":52}},"3":{"start":{"line":31,"column":23},"end":{"line":31,"column":48}},"4":{"start":{"line":33,"column":4},"end":{"line":33,"column":87}},"5":{"start":{"line":35,"column":2},"end":{"line":60,"column":4}}},"fnMap":{"0":{"name":"(anonymous_0)","decl":{"start":{"line":21,"column":32},"end":{"line":21,"column":33}},"loc":{"start":{"line":28,"column":6},"end":{"line":61,"column":1}},"line":28}},"branchMap":{"0":{"loc":{"start":{"line":25,"column":2},"end":{"line":25,"column":17}},"type":"default-arg","locations":[{"start":{"line":25,"column":12},"end":{"line":25,"column":17}}],"line":25},"1":{"loc":{"start":{"line":26,"column":2},"end":{"line":26,"column":20}},"type":"default-arg","locations":[{"start":{"line":26,"column":11},"end":{"line":26,"column":20}}],"line":26},"2":{"loc":{"start":{"line":31,"column":23},"end":{"line":31,"column":48}},"type":"binary-expr","locations":[{"start":{"line":31,"column":23},"end":{"line":31,"column":36}},{"start":{"line":31,"column":40},"end":{"line":31,"column":48}}],"line":31},"3":{"loc":{"start":{"line":33,"column":4},"end":{"line":33,"column":87}},"type":"cond-expr","locations":[{"start":{"line":33,"column":50},"end":{"line":33,"column":60}},{"start":{"line":33,"column":63},"end":{"line":33,"column":87}}],"line":33},"4":{"loc":{"start":{"line":33,"column":4},"end":{"line":33,"column":47}},"type":"binary-expr","locations":[{"start":{"line":33,"column":4},"end":{"line":33,"column":24}},{"start":{"line":33,"column":28},"end":{"line":33,"column":47}}],"line":33},"5":{"loc":{"start":{"line":39,"column":7},"end":{"line":43,"column":7}},"type":"cond-expr","locations":[{"start":{"line":40,"column":8},"end":{"line":40,"column":58}},{"start":{"line":42,"column":8},"end":{"line":42,"column":54}}],"line":39},"6":{"loc":{"start":{"line":56,"column":7},"end":{"line":58,"column":14}},"type":"cond-expr","locations":[{"start":{"line":57,"column":8},"end":{"line":57,"column":76}},{"start":{"line":58,"column":10},"end":{"line":58,"column":14}}],"line":56}},"s":{"0":2,"1":4,"2":4,"3":4,"4":4,"5":4},"f":{"0":4},"b":{"0":[3],"1":[4],"2":[4,0],"3":[3,1],"4":[4,1],"5":[1,3],"6":[2,2]},"_coverageSchema":"1a1c01bbd47fc00a2c39e90264f33305004495a9","hash":"779c314db77685b678e53526def48e521d3cb790"}
,"C:\\Users\\Арсен\\full-stack-ts\\frontend\\src\\components\\UserCatalogPanel.tsx": {"path":"C:\\Users\\Арсен\\full-stack-ts\\frontend\\src\\components\\UserCatalogPanel.tsx","statementMap":{"0":{"start":{"line":29,"column":21},"end":{"line":39,"column":10}},"1":{"start":{"line":49,"column":58},"end":{"line":501,"column":1}},"2":{"start":{"line":54,"column":42},"end":{"line":54,"column":59}},"3":{"start":{"line":55,"column":37},"end":{"line":55,"column":46}},"4":{"start":{"line":56,"column":37},"end":{"line":56,"column":53}},"5":{"start":{"line":57,"column":26},"end":{"line":57,"column":61}},"6":{"start":{"line":58,"column":32},"end":{"line":58,"column":46}},"7":{"start":{"line":59,"column":28},"end":{"line":59,"column":57}},"8":{"start":{"line":61,"column":28},"end":{"line":70,"column":4}},"9":{"start":{"line":72,"column":27},"end":{"line":83,"column":20}},"10":{"start":{"line":73,"column":4},"end":{"line":82,"column":7}},"11":{"start":{"line":85,"column":2},"end":{"line":87,"column":25}},"12":{"start":{"line":86,"column":4},"end":{"line":86,"column":23}},"13":{"start":{"line":89,"column":20},"end":{"line":123,"column":48}},"14":{"start":{"line":90,"column":4},"end":{"line":92,"column":5}},"15":{"start":{"line":91,"column":6},"end":{"line":91,"column":13}},"16":{"start":{"line":93,"column":4},"end":{"line":96,"column":5}},"17":{"start":{"line":94,"column":6},"end":{"line":94,"column":24}},"18":{"start":{"line":95,"column":6},"end":{"line":95,"column":13}},"19":{"start":{"line":97,"column":4},"end":{"line":97,"column":21}},"20":{"start":{"line":98,"column":4},"end":{"line":98,"column":19}},"21":{"start":{"line":99,"column":4},"end":{"line":122,"column":5}},"22":{"start":{"line":100,"column":18},"end":{"line":110,"column":25}},"23":{"start":{"line":111,"column":6},"end":{"line":111,"column":19}},"24":{"start":{"line":113,"column":16},"end":{"line":113,"column":56}},"25":{"start":{"line":114,"column":6},"end":{"line":117,"column":7}},"26":{"start":{"line":115,"column":8},"end":{"line":116,"column":151}},"27":{"start":{"line":118,"column":6},"end":{"line":118,"column":20}},"28":{"start":{"line":119,"column":6},"end":{"line":119,"column":20}},"29":{"start":{"line":121,"column":6},"end":{"line":121,"column":24}},"30":{"start":{"line":125,"column":2},"end":{"line":127,"column":18}},"31":{"start":{"line":126,"column":4},"end":{"line":126,"column":21}},"32":{"start":{"line":129,"column":2},"end":{"line":133,"column":34}},"33":{"start":{"line":130,"column":4},"end":{"line":132,"column":5}},"34":{"start":{"line":131,"column":6},"end":{"line":131,"column":23}},"35":{"start":{"line":135,"column":20},"end":{"line":135,"column":34}},"36":{"start":{"line":136,"column":2},"end":{"line":136,"column":29}},"37":{"start":{"line":137,"column":2},"end":{"line":141,"column":13}},"38":{"start":{"line":138,"column":4},"end":{"line":140,"column":5}},"39":{"start":{"line":139,"column":6},"end":{"line":139,"column":66}},"40":{"start":{"line":143,"column":23},"end":{"line":157,"column":3}},"41":{"start":{"line":144,"column":14},"end":{"line":144,"column":47}},"42":{"start":{"line":145,"column":4},"end":{"line":145,"column":45}},"43":{"start":{"line":145,"column":32},"end":{"line":145,"column":43}},"44":{"start":{"line":146,"column":4},"end":{"line":146,"column":26}},"45":{"start":{"line":147,"column":4},"end":{"line":147,"column":23}},"46":{"start":{"line":148,"column":4},"end":{"line":148,"column":51}},"47":{"start":{"line":148,"column":24},"end":{"line":148,"column":51}},"48":{"start":{"line":149,"column":4},"end":{"line":149,"column":72}},"49":{"start":{"line":149,"column":31},"end":{"line":149,"column":72}},"50":{"start":{"line":150,"column":4},"end":{"line":150,"column":59}},"51":{"start":{"line":150,"column":24},"end":{"line":150,"column":59}},"52":{"start":{"line":151,"column":4},"end":{"line":151,"column":53}},"53":{"start":{"line":151,"column":22},"end":{"line":151,"column":53}},"54":{"start":{"line":152,"column":4},"end":{"line":152,"column":35}},"55":{"start":{"line":153,"column":4},"end":{"line":153,"column":41}},"56":{"start":{"line":154,"column":4},"end":{"line":154,"column":47}},"57":{"start":{"line":155,"column":4},"end":{"line":155,"column":59}},"58":{"start":{"line":155,"column":35},"end":{"line":155,"column":59}},"59":{"start":{"line":156,"column":4},"end":{"line":156,"column":23}},"60":{"start":{"line":159,"column":17},"end":{"line":164,"column":3}},"61":{"start":{"line":160,"column":14},"end":{"line":160,"column":47}},"62":{"start":{"line":161,"column":4},"end":{"line":161,"column":26}},"63":{"start":{"line":162,"column":4},"end":{"line":162,"column":42}},"64":{"start":{"line":163,"column":4},"end":{"line":163,"column":23}},"65":{"start":{"line":166,"column":38},"end":{"line":166,"column":65}},"66":{"start":{"line":167,"column":40},"end":{"line":167,"column":52}},"67":{"start":{"line":168,"column":38},"end":{"line":168,"column":50}},"68":{"start":{"line":169,"column":46},"end":{"line":169,"column":65}},"69":{"start":{"line":170,"column":36},"end":{"line":170,"column":51}},"70":{"start":{"line":171,"column":36},"end":{"line":171,"column":65}},"71":{"start":{"line":173,"column":23},"end":{"line":194,"column":3}},"72":{"start":{"line":174,"column":4},"end":{"line":174,"column":23}},"73":{"start":{"line":175,"column":4},"end":{"line":175,"column":64}},"74":{"start":{"line":175,"column":57},"end":{"line":175,"column":64}},"75":{"start":{"line":176,"column":4},"end":{"line":176,"column":23}},"76":{"start":{"line":177,"column":4},"end":{"line":177,"column":23}},"77":{"start":{"line":178,"column":4},"end":{"line":193,"column":5}},"78":{"start":{"line":179,"column":6},"end":{"line":183,"column":9}},"79":{"start":{"line":184,"column":6},"end":{"line":184,"column":26}},"80":{"start":{"line":185,"column":6},"end":{"line":185,"column":25}},"81":{"start":{"line":186,"column":6},"end":{"line":186,"column":24}},"82":{"start":{"line":187,"column":6},"end":{"line":187,"column":35}},"83":{"start":{"line":188,"column":6},"end":{"line":188,"column":24}},"84":{"start":{"line":190,"column":6},"end":{"line":190,"column":54}},"85":{"start":{"line":192,"column":6},"end":{"line":192,"column":26}},"86":{"start":{"line":196,"column":32},"end":{"line":196,"column":67}},"87":{"start":{"line":197,"column":36},"end":{"line":197,"column":48}},"88":{"start":{"line":198,"column":34},"end":{"line":198,"column":46}},"89":{"start":{"line":199,"column":42},"end":{"line":199,"column":54}},"90":{"start":{"line":200,"column":30},"end":{"line":200,"column":45}},"91":{"start":{"line":202,"column":19},"end":{"line":207,"column":3}},"92":{"start":{"line":203,"column":4},"end":{"line":203,"column":20}},"93":{"start":{"line":204,"column":4},"end":{"line":204,"column":28}},"94":{"start":{"line":205,"column":4},"end":{"line":205,"column":39}},"95":{"start":{"line":206,"column":4},"end":{"line":206,"column":34}},"96":{"start":{"line":209,"column":19},"end":{"line":225,"column":3}},"97":{"start":{"line":210,"column":4},"end":{"line":210,"column":25}},"98":{"start":{"line":210,"column":18},"end":{"line":210,"column":25}},"99":{"start":{"line":211,"column":4},"end":{"line":211,"column":20}},"100":{"start":{"line":212,"column":4},"end":{"line":224,"column":5}},"101":{"start":{"line":213,"column":6},"end":{"line":217,"column":9}},"102":{"start":{"line":218,"column":6},"end":{"line":218,"column":23}},"103":{"start":{"line":219,"column":6},"end":{"line":219,"column":24}},"104":{"start":{"line":221,"column":6},"end":{"line":221,"column":50}},"105":{"start":{"line":223,"column":6},"end":{"line":223,"column":23}},"106":{"start":{"line":227,"column":20},"end":{"line":235,"column":3}},"107":{"start":{"line":228,"column":4},"end":{"line":228,"column":70}},"108":{"start":{"line":228,"column":63},"end":{"line":228,"column":70}},"109":{"start":{"line":229,"column":4},"end":{"line":234,"column":5}},"110":{"start":{"line":230,"column":6},"end":{"line":230,"column":43}},"111":{"start":{"line":231,"column":6},"end":{"line":231,"column":24}},"112":{"start":{"line":233,"column":6},"end":{"line":233,"column":48}},"113":{"start":{"line":237,"column":22},"end":{"line":244,"column":3}},"114":{"start":{"line":238,"column":4},"end":{"line":243,"column":5}},"115":{"start":{"line":239,"column":22},"end":{"line":239,"column":66}},"116":{"start":{"line":240,"column":6},"end":{"line":240,"column":56}},"117":{"start":{"line":242,"column":6},"end":{"line":242,"column":59}},"118":{"start":{"line":246,"column":2},"end":{"line":252,"column":3}},"119":{"start":{"line":247,"column":4},"end":{"line":251,"column":6}},"120":{"start":{"line":254,"column":2},"end":{"line":260,"column":3}},"121":{"start":{"line":255,"column":4},"end":{"line":259,"column":6}},"122":{"start":{"line":262,"column":21},"end":{"line":262,"column":83}},"123":{"start":{"line":263,"column":22},"end":{"line":263,"column":86}},"124":{"start":{"line":264,"column":26},"end":{"line":264,"column":74}},"125":{"start":{"line":266,"column":2},"end":{"line":500,"column":4}},"126":{"start":{"line":289,"column":31},"end":{"line":289,"column":77}},"127":{"start":{"line":289,"column":48},"end":{"line":289,"column":75}},"128":{"start":{"line":297,"column":31},"end":{"line":297,"column":84}},"129":{"start":{"line":297,"column":48},"end":{"line":297,"column":82}},"130":{"start":{"line":306,"column":31},"end":{"line":306,"column":84}},"131":{"start":{"line":306,"column":48},"end":{"line":306,"column":82}},"132":{"start":{"line":314,"column":31},"end":{"line":314,"column":82}},"133":{"start":{"line":314,"column":48},"end":{"line":314,"column":80}},"134":{"start":{"line":321,"column":31},"end":{"line":321,"column":82}},"135":{"start":{"line":321,"column":48},"end":{"line":321,"column":80}},"136":{"start":{"line":334,"column":16},"end":{"line":334,"column":88}},"137":{"start":{"line":334,"column":33},"end":{"line":334,"column":86}},"138":{"start":{"line":345,"column":31},"end":{"line":345,"column":98}},"139":{"start":{"line":345,"column":48},"end":{"line":345,"column":96}},"140":{"start":{"line":348,"column":16},"end":{"line":350,"column":25}},"141":{"start":{"line":359,"column":33},"end":{"line":359,"column":88}},"142":{"start":{"line":359,"column":50},"end":{"line":359,"column":86}},"143":{"start":{"line":374,"column":48},"end":{"line":374,"column":90}},"144":{"start":{"line":378,"column":31},"end":{"line":378,"column":61}},"145":{"start":{"line":383,"column":31},"end":{"line":383,"column":60}},"146":{"start":{"line":388,"column":31},"end":{"line":388,"column":64}},"147":{"start":{"line":426,"column":18},"end":{"line":449,"column":23}},"148":{"start":{"line":435,"column":59},"end":{"line":435,"column":78}},"149":{"start":{"line":440,"column":63},"end":{"line":440,"column":76}},"150":{"start":{"line":443,"column":63},"end":{"line":443,"column":80}},"151":{"start":{"line":454,"column":79},"end":{"line":454,"column":102}},"152":{"start":{"line":463,"column":31},"end":{"line":463,"column":54}},"153":{"start":{"line":478,"column":56},"end":{"line":478,"column":84}},"154":{"start":{"line":482,"column":58},"end":{"line":482,"column":85}},"155":{"start":{"line":486,"column":59},"end":{"line":486,"column":90}},"156":{"start":{"line":489,"column":51},"end":{"line":489,"column":67}},"157":{"start":{"line":492,"column":69},"end":{"line":492,"column":84}}},"fnMap":{"0":{"name":"(anonymous_0)","decl":{"start":{"line":49,"column":58},"end":{"line":49,"column":59}},"loc":{"start":{"line":53,"column":6},"end":{"line":501,"column":1}},"line":53},"1":{"name":"(anonymous_1)","decl":{"start":{"line":72,"column":39},"end":{"line":72,"column":40}},"loc":{"start":{"line":72,"column":45},"end":{"line":83,"column":3}},"line":72},"2":{"name":"(anonymous_2)","decl":{"start":{"line":85,"column":12},"end":{"line":85,"column":13}},"loc":{"start":{"line":85,"column":18},"end":{"line":87,"column":3}},"line":85},"3":{"name":"(anonymous_3)","decl":{"start":{"line":89,"column":32},"end":{"line":89,"column":33}},"loc":{"start":{"line":89,"column":44},"end":{"line":123,"column":3}},"line":89},"4":{"name":"(anonymous_4)","decl":{"start":{"line":125,"column":12},"end":{"line":125,"column":13}},"loc":{"start":{"line":125,"column":18},"end":{"line":127,"column":3}},"line":125},"5":{"name":"(anonymous_5)","decl":{"start":{"line":129,"column":12},"end":{"line":129,"column":13}},"loc":{"start":{"line":129,"column":18},"end":{"line":133,"column":3}},"line":129},"6":{"name":"(anonymous_6)","decl":{"start":{"line":137,"column":12},"end":{"line":137,"column":13}},"loc":{"start":{"line":137,"column":18},"end":{"line":141,"column":3}},"line":137},"7":{"name":"(anonymous_7)","decl":{"start":{"line":143,"column":23},"end":{"line":143,"column":24}},"loc":{"start":{"line":143,"column":29},"end":{"line":157,"column":3}},"line":143},"8":{"name":"(anonymous_8)","decl":{"start":{"line":145,"column":25},"end":{"line":145,"column":26}},"loc":{"start":{"line":145,"column":32},"end":{"line":145,"column":43}},"line":145},"9":{"name":"(anonymous_9)","decl":{"start":{"line":159,"column":17},"end":{"line":159,"column":18}},"loc":{"start":{"line":159,"column":32},"end":{"line":164,"column":3}},"line":159},"10":{"name":"(anonymous_10)","decl":{"start":{"line":173,"column":23},"end":{"line":173,"column":24}},"loc":{"start":{"line":173,"column":53},"end":{"line":194,"column":3}},"line":173},"11":{"name":"(anonymous_11)","decl":{"start":{"line":202,"column":19},"end":{"line":202,"column":20}},"loc":{"start":{"line":202,"column":42},"end":{"line":207,"column":3}},"line":202},"12":{"name":"(anonymous_12)","decl":{"start":{"line":209,"column":19},"end":{"line":209,"column":20}},"loc":{"start":{"line":209,"column":31},"end":{"line":225,"column":3}},"line":209},"13":{"name":"(anonymous_13)","decl":{"start":{"line":227,"column":20},"end":{"line":227,"column":21}},"loc":{"start":{"line":227,"column":42},"end":{"line":235,"column":3}},"line":227},"14":{"name":"(anonymous_14)","decl":{"start":{"line":237,"column":22},"end":{"line":237,"column":23}},"loc":{"start":{"line":237,"column":44},"end":{"line":244,"column":3}},"line":237},"15":{"name":"(anonymous_15)","decl":{"start":{"line":289,"column":24},"end":{"line":289,"column":25}},"loc":{"start":{"line":289,"column":31},"end":{"line":289,"column":77}},"line":289},"16":{"name":"(anonymous_16)","decl":{"start":{"line":289,"column":40},"end":{"line":289,"column":41}},"loc":{"start":{"line":289,"column":48},"end":{"line":289,"column":75}},"line":289},"17":{"name":"(anonymous_17)","decl":{"start":{"line":297,"column":24},"end":{"line":297,"column":25}},"loc":{"start":{"line":297,"column":31},"end":{"line":297,"column":84}},"line":297},"18":{"name":"(anonymous_18)","decl":{"start":{"line":297,"column":40},"end":{"line":297,"column":41}},"loc":{"start":{"line":297,"column":48},"end":{"line":297,"column":82}},"line":297},"19":{"name":"(anonymous_19)","decl":{"start":{"line":306,"column":24},"end":{"line":306,"column":25}},"loc":{"start":{"line":306,"column":31},"end":{"line":306,"column":84}},"line":306},"20":{"name":"(anonymous_20)","decl":{"start":{"line":306,"column":40},"end":{"line":306,"column":41}},"loc":{"start":{"line":306,"column":48},"end":{"line":306,"column":82}},"line":306},"21":{"name":"(anonymous_21)","decl":{"start":{"line":314,"column":24},"end":{"line":314,"column":25}},"loc":{"start":{"line":314,"column":31},"end":{"line":314,"column":82}},"line":314},"22":{"name":"(anonymous_22)","decl":{"start":{"line":314,"column":40},"end":{"line":314,"column":41}},"loc":{"start":{"line":314,"column":48},"end":{"line":314,"column":80}},"line":314},"23":{"name":"(anonymous_23)","decl":{"start":{"line":321,"column":24},"end":{"line":321,"column":25}},"loc":{"start":{"line":321,"column":31},"end":{"line":321,"column":82}},"line":321},"24":{"name":"(anonymous_24)","decl":{"start":{"line":321,"column":40},"end":{"line":321,"column":41}},"loc":{"start":{"line":321,"column":48},"end":{"line":321,"column":80}},"line":321},"25":{"name":"(anonymous_25)","decl":{"start":{"line":333,"column":24},"end":{"line":333,"column":25}},"loc":{"start":{"line":334,"column":16},"end":{"line":334,"column":88}},"line":334},"26":{"name":"(anonymous_26)","decl":{"start":{"line":334,"column":25},"end":{"line":334,"column":26}},"loc":{"start":{"line":334,"column":33},"end":{"line":334,"column":86}},"line":334},"27":{"name":"(anonymous_27)","decl":{"start":{"line":345,"column":24},"end":{"line":345,"column":25}},"loc":{"start":{"line":345,"column":31},"end":{"line":345,"column":98}},"line":345},"28":{"name":"(anonymous_28)","decl":{"start":{"line":345,"column":40},"end":{"line":345,"column":41}},"loc":{"start":{"line":345,"column":48},"end":{"line":345,"column":96}},"line":345},"29":{"name":"(anonymous_29)","decl":{"start":{"line":347,"column":35},"end":{"line":347,"column":36}},"loc":{"start":{"line":348,"column":16},"end":{"line":350,"column":25}},"line":348},"30":{"name":"(anonymous_30)","decl":{"start":{"line":359,"column":26},"end":{"line":359,"column":27}},"loc":{"start":{"line":359,"column":33},"end":{"line":359,"column":88}},"line":359},"31":{"name":"(anonymous_31)","decl":{"start":{"line":359,"column":42},"end":{"line":359,"column":43}},"loc":{"start":{"line":359,"column":50},"end":{"line":359,"column":86}},"line":359},"32":{"name":"(anonymous_32)","decl":{"start":{"line":374,"column":41},"end":{"line":374,"column":42}},"loc":{"start":{"line":374,"column":48},"end":{"line":374,"column":90}},"line":374},"33":{"name":"(anonymous_33)","decl":{"start":{"line":378,"column":24},"end":{"line":378,"column":25}},"loc":{"start":{"line":378,"column":31},"end":{"line":378,"column":61}},"line":378},"34":{"name":"(anonymous_34)","decl":{"start":{"line":383,"column":24},"end":{"line":383,"column":25}},"loc":{"start":{"line":383,"column":31},"end":{"line":383,"column":60}},"line":383},"35":{"name":"(anonymous_35)","decl":{"start":{"line":388,"column":24},"end":{"line":388,"column":25}},"loc":{"start":{"line":388,"column":31},"end":{"line":388,"column":64}},"line":388},"36":{"name":"(anonymous_36)","decl":{"start":{"line":425,"column":32},"end":{"line":425,"column":33}},"loc":{"start":{"line":426,"column":18},"end":{"line":449,"column":23}},"line":426},"37":{"name":"(anonymous_37)","decl":{"start":{"line":435,"column":53},"end":{"line":435,"column":54}},"loc":{"start":{"line":435,"column":59},"end":{"line":435,"column":78}},"line":435},"38":{"name":"(anonymous_38)","decl":{"start":{"line":440,"column":57},"end":{"line":440,"column":58}},"loc":{"start":{"line":440,"column":63},"end":{"line":440,"column":76}},"line":440},"39":{"name":"(anonymous_39)","decl":{"start":{"line":443,"column":57},"end":{"line":443,"column":58}},"loc":{"start":{"line":443,"column":63},"end":{"line":443,"column":80}},"line":443},"40":{"name":"(anonymous_40)","decl":{"start":{"line":454,"column":73},"end":{"line":454,"column":74}},"loc":{"start":{"line":454,"column":79},"end":{"line":454,"column":102}},"line":454},"41":{"name":"(anonymous_41)","decl":{"start":{"line":463,"column":25},"end":{"line":463,"column":26}},"loc":{"start":{"line":463,"column":31},"end":{"line":463,"column":54}},"line":463},"42":{"name":"(anonymous_42)","decl":{"start":{"line":478,"column":49},"end":{"line":478,"column":50}},"loc":{"start":{"line":478,"column":56},"end":{"line":478,"column":84}},"line":478},"43":{"name":"(anonymous_43)","decl":{"start":{"line":482,"column":51},"end":{"line":482,"column":52}},"loc":{"start":{"line":482,"column":58},"end":{"line":482,"column":85}},"line":482},"44":{"name":"(anonymous_44)","decl":{"start":{"line":486,"column":52},"end":{"line":486,"column":53}},"loc":{"start":{"line":486,"column":59},"end":{"line":486,"column":90}},"line":486},"45":{"name":"(anonymous_45)","decl":{"start":{"line":489,"column":45},"end":{"line":489,"column":46}},"loc":{"start":{"line":489,"column":51},"end":{"line":489,"column":67}},"line":489},"46":{"name":"(anonymous_46)","decl":{"start":{"line":492,"column":63},"end":{"line":492,"column":64}},"loc":{"start":{"line":492,"column":69},"end":{"line":492,"column":84}},"line":492}},"branchMap":{"0":{"loc":{"start":{"line":50,"column":2},"end":{"line":50,"column":20}},"type":"default-arg","locations":[{"start":{"line":50,"column":19},"end":{"line":50,"column":20}}],"line":50},"1":{"loc":{"start":{"line":52,"column":2},"end":{"line":52,"column":19}},"type":"default-arg","locations":[{"start":{"line":52,"column":14},"end":{"line":52,"column":19}}],"line":52},"2":{"loc":{"start":{"line":74,"column":9},"end":{"line":74,"column":36}},"type":"binary-expr","locations":[{"start":{"line":74,"column":9},"end":{"line":74,"column":30}},{"start":{"line":74,"column":34},"end":{"line":74,"column":36}}],"line":74},"3":{"loc":{"start":{"line":75,"column":16},"end":{"line":75,"column":50}},"type":"binary-expr","locations":[{"start":{"line":75,"column":16},"end":{"line":75,"column":44}},{"start":{"line":75,"column":48},"end":{"line":75,"column":50}}],"line":75},"4":{"loc":{"start":{"line":76,"column":16},"end":{"line":76,"column":51}},"type":"binary-expr","locations":[{"start":{"line":76,"column":16},"end":{"line":76,"column":45}},{"start":{"line":76,"column":49},"end":{"line":76,"column":51}}],"line":76},"5":{"loc":{"start":{"line":77,"column":14},"end":{"line":77,"column":47}},"type":"binary-expr","locations":[{"start":{"line":77,"column":14},"end":{"line":77,"column":41}},{"start":{"line":77,"column":45},"end":{"line":77,"column":47}}],"line":77},"6":{"loc":{"start":{"line":78,"column":14},"end":{"line":78,"column":57}},"type":"binary-expr","locations":[{"start":{"line":78,"column":14},"end":{"line":78,"column":41}},{"start":{"line":78,"column":45},"end":{"line":78,"column":57}}],"line":78},"7":{"loc":{"start":{"line":79,"column":18},"end":{"line":79,"column":75}},"type":"cond-expr","locations":[{"start":{"line":79,"column":61},"end":{"line":79,"column":66}},{"start":{"line":79,"column":69},"end":{"line":79,"column":75}}],"line":79},"8":{"loc":{"start":{"line":80,"column":42},"end":{"line":80,"column":99}},"type":"binary-expr","locations":[{"start":{"line":80,"column":42},"end":{"line":80,"column":93}},{"start":{"line":80,"column":97},"end":{"line":80,"column":99}}],"line":80},"9":{"loc":{"start":{"line":80,"column":51},"end":{"line":80,"column":88}},"type":"binary-expr","locations":[{"start":{"line":80,"column":51},"end":{"line":80,"column":80}},{"start":{"line":80,"column":84},"end":{"line":80,"column":88}}],"line":80},"10":{"loc":{"start":{"line":90,"column":4},"end":{"line":92,"column":5}},"type":"if","locations":[{"start":{"line":90,"column":4},"end":{"line":92,"column":5}},{"start":{},"end":{}}],"line":90},"11":{"loc":{"start":{"line":93,"column":4},"end":{"line":96,"column":5}},"type":"if","locations":[{"start":{"line":93,"column":4},"end":{"line":96,"column":5}},{"start":{},"end":{}}],"line":93},"12":{"loc":{"start":{"line":101,"column":11},"end":{"line":101,"column":45}},"type":"binary-expr","locations":[{"start":{"line":101,"column":11},"end":{"line":101,"column":32}},{"start":{"line":101,"column":36},"end":{"line":101,"column":45}}],"line":101},"13":{"loc":{"start":{"line":102,"column":18},"end":{"line":102,"column":59}},"type":"binary-expr","locations":[{"start":{"line":102,"column":18},"end":{"line":102,"column":46}},{"start":{"line":102,"column":50},"end":{"line":102,"column":59}}],"line":102},"14":{"loc":{"start":{"line":103,"column":19},"end":{"line":103,"column":61}},"type":"binary-expr","locations":[{"start":{"line":103,"column":19},"end":{"line":103,"column":48}},{"start":{"line":103,"column":52},"end":{"line":103,"column":61}}],"line":103},"15":{"loc":{"start":{"line":104,"column":17},"end":{"line":104,"column":57}},"type":"binary-expr","locations":[{"start":{"line":104,"column":17},"end":{"line":104,"column":44}},{"start":{"line":104,"column":48},"end":{"line":104,"column":57}}],"line":104},"16":{"loc":{"start":{"line":105,"column":14},"end":{"line":105,"column":64}},"type":"binary-expr","locations":[{"start":{"line":105,"column":14},"end":{"line":105,"column":59}},{"start":{"line":105,"column":63},"end":{"line":105,"column":64}}],"line":105},"17":{"loc":{"start":{"line":105,"column":23},"end":{"line":105,"column":54}},"type":"binary-expr","locations":[{"start":{"line":105,"column":23},"end":{"line":105,"column":47}},{"start":{"line":105,"column":51},"end":{"line":105,"column":54}}],"line":105},"18":{"loc":{"start":{"line":106,"column":19},"end":{"line":106,"column":76}},"type":"binary-expr","locations":[{"start":{"line":106,"column":19},"end":{"line":106,"column":70}},{"start":{"line":106,"column":74},"end":{"line":106,"column":76}}],"line":106},"19":{"loc":{"start":{"line":106,"column":28},"end":{"line":106,"column":65}},"type":"binary-expr","locations":[{"start":{"line":106,"column":28},"end":{"line":106,"column":57}},{"start":{"line":106,"column":61},"end":{"line":106,"column":65}}],"line":106},"20":{"loc":{"start":{"line":107,"column":17},"end":{"line":107,"column":60}},"type":"binary-expr","locations":[{"start":{"line":107,"column":17},"end":{"line":107,"column":44}},{"start":{"line":107,"column":48},"end":{"line":107,"column":60}}],"line":107},"21":{"loc":{"start":{"line":108,"column":20},"end":{"line":108,"column":60}},"type":"binary-expr","locations":[{"start":{"line":108,"column":20},"end":{"line":108,"column":50}},{"start":{"line":108,"column":54},"end":{"line":108,"column":60}}],"line":108},"22":{"loc":{"start":{"line":109,"column":19},"end":{"line":109,"column":75}},"type":"cond-expr","locations":[{"start":{"line":109,"column":59},"end":{"line":109,"column":63}},{"start":{"line":109,"column":66},"end":{"line":109,"column":75}}],"line":109},"23":{"loc":{"start":{"line":113,"column":16},"end":{"line":113,"column":56}},"type":"binary-expr","locations":[{"start":{"line":113,"column":16},"end":{"line":113,"column":26}},{"start":{"line":113,"column":30},"end":{"line":113,"column":56}}],"line":113},"24":{"loc":{"start":{"line":114,"column":6},"end":{"line":117,"column":7}},"type":"if","locations":[{"start":{"line":114,"column":6},"end":{"line":117,"column":7}},{"start":{},"end":{}}],"line":114},"25":{"loc":{"start":{"line":130,"column":4},"end":{"line":132,"column":5}},"type":"if","locations":[{"start":{"line":130,"column":4},"end":{"line":132,"column":5}},{"start":{},"end":{}}],"line":130},"26":{"loc":{"start":{"line":138,"column":4},"end":{"line":140,"column":5}},"type":"if","locations":[{"start":{"line":138,"column":4},"end":{"line":140,"column":5}},{"start":{},"end":{}}],"line":138},"27":{"loc":{"start":{"line":148,"column":4},"end":{"line":148,"column":51}},"type":"if","locations":[{"start":{"line":148,"column":4},"end":{"line":148,"column":51}},{"start":{},"end":{}}],"line":148},"28":{"loc":{"start":{"line":149,"column":4},"end":{"line":149,"column":72}},"type":"if","locations":[{"start":{"line":149,"column":4},"end":{"line":149,"column":72}},{"start":{},"end":{}}],"line":149},"29":{"loc":{"start":{"line":150,"column":4},"end":{"line":150,"column":59}},"type":"if","locations":[{"start":{"line":150,"column":4},"end":{"line":150,"column":59}},{"start":{},"end":{}}],"line":150},"30":{"loc":{"start":{"line":151,"column":4},"end":{"line":151,"column":53}},"type":"if","locations":[{"start":{"line":151,"column":4},"end":{"line":151,"column":53}},{"start":{},"end":{}}],"line":151},"31":{"loc":{"start":{"line":155,"column":4},"end":{"line":155,"column":59}},"type":"if","locations":[{"start":{"line":155,"column":4},"end":{"line":155,"column":59}},{"start":{},"end":{}}],"line":155},"32":{"loc":{"start":{"line":155,"column":8},"end":{"line":155,"column":33}},"type":"binary-expr","locations":[{"start":{"line":155,"column":8},"end":{"line":155,"column":22}},{"start":{"line":155,"column":26},"end":{"line":155,"column":33}}],"line":155},"33":{"loc":{"start":{"line":175,"column":4},"end":{"line":175,"column":64}},"type":"if","locations":[{"start":{"line":175,"column":4},"end":{"line":175,"column":64}},{"start":{},"end":{}}],"line":175},"34":{"loc":{"start":{"line":175,"column":8},"end":{"line":175,"column":55}},"type":"binary-expr","locations":[{"start":{"line":175,"column":8},"end":{"line":175,"column":40}},{"start":{"line":175,"column":44},"end":{"line":175,"column":55}}],"line":175},"35":{"loc":{"start":{"line":180,"column":15},"end":{"line":180,"column":45}},"type":"binary-expr","locations":[{"start":{"line":180,"column":15},"end":{"line":180,"column":26}},{"start":{"line":180,"column":30},"end":{"line":180,"column":45}}],"line":180},"36":{"loc":{"start":{"line":181,"column":21},"end":{"line":181,"column":44}},"type":"binary-expr","locations":[{"start":{"line":181,"column":21},"end":{"line":181,"column":31}},{"start":{"line":181,"column":35},"end":{"line":181,"column":44}}],"line":181},"37":{"loc":{"start":{"line":190,"column":19},"end":{"line":190,"column":52}},"type":"binary-expr","locations":[{"start":{"line":190,"column":19},"end":{"line":190,"column":31}},{"start":{"line":190,"column":35},"end":{"line":190,"column":52}}],"line":190},"38":{"loc":{"start":{"line":205,"column":16},"end":{"line":205,"column":37}},"type":"binary-expr","locations":[{"start":{"line":205,"column":16},"end":{"line":205,"column":31}},{"start":{"line":205,"column":35},"end":{"line":205,"column":37}}],"line":205},"39":{"loc":{"start":{"line":210,"column":4},"end":{"line":210,"column":25}},"type":"if","locations":[{"start":{"line":210,"column":4},"end":{"line":210,"column":25}},{"start":{},"end":{}}],"line":210},"40":{"loc":{"start":{"line":215,"column":21},"end":{"line":215,"column":42}},"type":"binary-expr","locations":[{"start":{"line":215,"column":21},"end":{"line":215,"column":29}},{"start":{"line":215,"column":33},"end":{"line":215,"column":42}}],"line":215},"41":{"loc":{"start":{"line":221,"column":15},"end":{"line":221,"column":48}},"type":"binary-expr","locations":[{"start":{"line":221,"column":15},"end":{"line":221,"column":25}},{"start":{"line":221,"column":29},"end":{"line":221,"column":48}}],"line":221},"42":{"loc":{"start":{"line":228,"column":4},"end":{"line":228,"column":70}},"type":"if","locations":[{"start":{"line":228,"column":4},"end":{"line":228,"column":70}},{"start":{},"end":{}}],"line":228},"43":{"loc":{"start":{"line":233,"column":15},"end":{"line":233,"column":46}},"type":"binary-expr","locations":[{"start":{"line":233,"column":15},"end":{"line":233,"column":25}},{"start":{"line":233,"column":29},"end":{"line":233,"column":46}}],"line":233},"44":{"loc":{"start":{"line":242,"column":15},"end":{"line":242,"column":57}},"type":"binary-expr","locations":[{"start":{"line":242,"column":15},"end":{"line":242,"column":25}},{"start":{"line":242,"column":29},"end":{"line":242,"column":57}}],"line":242},"45":{"loc":{"start":{"line":246,"column":2},"end":{"line":252,"column":3}},"type":"if","locations":[{"start":{"line":246,"column":2},"end":{"line":252,"column":3}},{"start":{},"end":{}}],"line":246},"46":{"loc":{"start":{"line":254,"column":2},"end":{"line":260,"column":3}},"type":"if","locations":[{"start":{"line":254,"column":2},"end":{"line":260,"column":3}},{"start":{},"end":{}}],"line":254},"47":{"loc":{"start":{"line":262,"column":21},"end":{"line":262,"column":83}},"type":"cond-expr","locations":[{"start":{"line":262,"column":28},"end":{"line":262,"column":79}},{"start":{"line":262,"column":82},"end":{"line":262,"column":83}}],"line":262},"48":{"loc":{"start":{"line":263,"column":22},"end":{"line":263,"column":86}},"type":"binary-expr","locations":[{"start":{"line":263,"column":22},"end":{"line":263,"column":32}},{"start":{"line":263,"column":36},"end":{"line":263,"column":81}},{"start":{"line":263,"column":85},"end":{"line":263,"column":86}}],"line":263},"49":{"loc":{"start":{"line":263,"column":45},"end":{"line":263,"column":76}},"type":"binary-expr","locations":[{"start":{"line":263,"column":45},"end":{"line":263,"column":69}},{"start":{"line":263,"column":73},"end":{"line":263,"column":76}}],"line":263},"50":{"loc":{"start":{"line":264,"column":26},"end":{"line":264,"column":74}},"type":"binary-expr","locations":[{"start":{"line":264,"column":26},"end":{"line":264,"column":33}},{"start":{"line":264,"column":37},"end":{"line":264,"column":74}}],"line":264},"51":{"loc":{"start":{"line":268,"column":7},"end":{"line":275,"column":7}},"type":"binary-expr","locations":[{"start":{"line":268,"column":7},"end":{"line":268,"column":17}},{"start":{"line":269,"column":8},"end":{"line":274,"column":11}}],"line":268},"52":{"loc":{"start":{"line":276,"column":7},"end":{"line":280,"column":7}},"type":"binary-expr","locations":[{"start":{"line":276,"column":7},"end":{"line":276,"column":16}},{"start":{"line":277,"column":8},"end":{"line":279,"column":12}}],"line":276},"53":{"loc":{"start":{"line":354,"column":11},"end":{"line":363,"column":11}},"type":"binary-expr","locations":[{"start":{"line":354,"column":11},"end":{"line":354,"column":18}},{"start":{"line":355,"column":12},"end":{"line":362,"column":20}}],"line":354},"54":{"loc":{"start":{"line":370,"column":7},"end":{"line":399,"column":7}},"type":"binary-expr","locations":[{"start":{"line":370,"column":7},"end":{"line":370,"column":38}},{"start":{"line":371,"column":8},"end":{"line":398,"column":18}}],"line":370},"55":{"loc":{"start":{"line":374,"column":62},"end":{"line":374,"column":89}},"type":"binary-expr","locations":[{"start":{"line":374,"column":62},"end":{"line":374,"column":81}},{"start":{"line":374,"column":85},"end":{"line":374,"column":89}}],"line":374},"56":{"loc":{"start":{"line":390,"column":44},"end":{"line":390,"column":68}},"type":"binary-expr","locations":[{"start":{"line":390,"column":44},"end":{"line":390,"column":53}},{"start":{"line":390,"column":57},"end":{"line":390,"column":68}}],"line":390},"57":{"loc":{"start":{"line":391,"column":15},"end":{"line":391,"column":52}},"type":"cond-expr","locations":[{"start":{"line":391,"column":27},"end":{"line":391,"column":38}},{"start":{"line":391,"column":41},"end":{"line":391,"column":52}}],"line":391},"58":{"loc":{"start":{"line":394,"column":11},"end":{"line":394,"column":72}},"type":"binary-expr","locations":[{"start":{"line":394,"column":11},"end":{"line":394,"column":20}},{"start":{"line":394,"column":24},"end":{"line":394,"column":72}}],"line":394},"59":{"loc":{"start":{"line":403,"column":9},"end":{"line":469,"column":9}},"type":"cond-expr","locations":[{"start":{"line":404,"column":10},"end":{"line":404,"column":26}},{"start":{"line":405,"column":12},"end":{"line":469,"column":9}}],"line":403},"60":{"loc":{"start":{"line":405,"column":12},"end":{"line":469,"column":9}},"type":"cond-expr","locations":[{"start":{"line":406,"column":10},"end":{"line":406,"column":54}},{"start":{"line":407,"column":12},"end":{"line":469,"column":9}}],"line":405},"61":{"loc":{"start":{"line":407,"column":12},"end":{"line":469,"column":9}},"type":"cond-expr","locations":[{"start":{"line":408,"column":10},"end":{"line":408,"column":29}},{"start":{"line":410,"column":10},"end":{"line":468,"column":13}}],"line":407},"62":{"loc":{"start":{"line":415,"column":19},"end":{"line":415,"column":55}},"type":"binary-expr","locations":[{"start":{"line":415,"column":19},"end":{"line":415,"column":34}},{"start":{"line":415,"column":38},"end":{"line":415,"column":55}}],"line":415},"63":{"loc":{"start":{"line":428,"column":21},"end":{"line":428,"column":84}},"type":"binary-expr","locations":[{"start":{"line":428,"column":21},"end":{"line":428,"column":36}},{"start":{"line":428,"column":40},"end":{"line":428,"column":84}}],"line":428},"64":{"loc":{"start":{"line":428,"column":45},"end":{"line":428,"column":78}},"type":"binary-expr","locations":[{"start":{"line":428,"column":45},"end":{"line":428,"column":63}},{"start":{"line":428,"column":67},"end":{"line":428,"column":78}}],"line":428},"65":{"loc":{"start":{"line":433,"column":25},"end":{"line":433,"column":89}},"type":"cond-expr","locations":[{"start":{"line":433,"column":42},"end":{"line":433,"column":83}},{"start":{"line":433,"column":86},"end":{"line":433,"column":89}}],"line":433},"66":{"loc":{"start":{"line":438,"column":23},"end":{"line":447,"column":23}},"type":"binary-expr","locations":[{"start":{"line":438,"column":23},"end":{"line":438,"column":54}},{"start":{"line":439,"column":24},"end":{"line":446,"column":27}}],"line":438},"67":{"loc":{"start":{"line":472,"column":7},"end":{"line":498,"column":7}},"type":"binary-expr","locations":[{"start":{"line":472,"column":7},"end":{"line":472,"column":14}},{"start":{"line":473,"column":8},"end":{"line":497,"column":14}}],"line":472}},"s":{"0":1,"1":1,"2":0,"3":0,"4":0,"5":0,"6":0,"7":0,"8":0,"9":0,"10":0,"11":0,"12":0,"13":0,"14":0,"15":0,"16":0,"17":0,"18":0,"19":0,"20":0,"21":0,"22":0,"23":0,"24":0,"25":0,"26":0,"27":0,"28":0,"29":0,"30":0,"31":0,"32":0,"33":0,"34":0,"35":0,"36":0,"37":0,"38":0,"39":0,"40":0,"41":0,"42":0,"43":0,"44":0,"45":0,"46":0,"47":0,"48":0,"49":0,"50":0,"51":0,"52":0,"53":0,"54":0,"55":0,"56":0,"57":0,"58":0,"59":0,"60":0,"61":0,"62":0,"63":0,"64":0,"65":0,"66":0,"67":0,"68":0,"69":0,"70":0,"71":0,"72":0,"73":0,"74":0,"75":0,"76":0,"77":0,"78":0,"79":0,"80":0,"81":0,"82":0,"83":0,"84":0,"85":0,"86":0,"87":0,"88":0,"89":0,"90":0,"91":0,"92":0,"93":0,"94":0,"95":0,"96":0,"97":0,"98":0,"99":0,"100":0,"101":0,"102":0,"103":0,"104":0,"105":0,"106":0,"107":0,"108":0,"109":0,"110":0,"111":0,"112":0,"113":0,"114":0,"115":0,"116":0,"117":0,"118":0,"119":0,"120":0,"121":0,"122":0,"123":0,"124":0,"125":0,"126":0,"127":0,"128":0,"129":0,"130":0,"131":0,"132":0,"133":0,"134":0,"135":0,"136":0,"137":0,"138":0,"139":0,"140":0,"141":0,"142":0,"143":0,"144":0,"145":0,"146":0,"147":0,"148":0,"149":0,"150":0,"151":0,"152":0,"153":0,"154":0,"155":0,"156":0,"157":0},"f":{"0":0,"1":0,"2":0,"3":0,"4":0,"5":0,"6":0,"7":0,"8":0,"9":0,"10":0,"11":0,"12":0,"13":0,"14":0,"15":0,"16":0,"17":0,"18":0,"19":0,"20":0,"21":0,"22":0,"23":0,"24":0,"25":0,"26":0,"27":0,"28":0,"29":0,"30":0,"31":0,"32":0,"33":0,"34":0,"35":0,"36":0,"37":0,"38":0,"39":0,"40":0,"41":0,"42":0,"43":0,"44":0,"45":0,"46":0},"b":{"0":[0],"1":[0],"2":[0,0],"3":[0,0],"4":[0,0],"5":[0,0],"6":[0,0],"7":[0,0],"8":[0,0],"9":[0,0],"10":[0,0],"11":[0,0],"12":[0,0],"13":[0,0],"14":[0,0],"15":[0,0],"16":[0,0],"17":[0,0],"18":[0,0],"19":[0,0],"20":[0,0],"21":[0,0],"22":[0,0],"23":[0,0],"24":[0,0],"25":[0,0],"26":[0,0],"27":[0,0],"28":[0,0],"29":[0,0],"30":[0,0],"31":[0,0],"32":[0,0],"33":[0,0],"34":[0,0],"35":[0,0],"36":[0,0],"37":[0,0],"38":[0,0],"39":[0,0],"40":[0,0],"41":[0,0],"42":[0,0],"43":[0,0],"44":[0,0],"45":[0,0],"46":[0,0],"47":[0,0],"48":[0,0,0],"49":[0,0],"50":[0,0],"51":[0,0],"52":[0,0],"53":[0,0],"54":[0,0],"55":[0,0],"56":[0,0],"57":[0,0],"58":[0,0],"59":[0,0],"60":[0,0],"61":[0,0],"62":[0,0],"63":[0,0],"64":[0,0],"65":[0,0],"66":[0,0],"67":[0,0]},"_coverageSchema":"1a1c01bbd47fc00a2c39e90264f33305004495a9","hash":"a920b9e6f31b74e17ba1c1200c856c1bca0fdf48"}
,"C:\\Users\\Арсен\\full-stack-ts\\frontend\\src\\components\\WeatherPanel.tsx": {"path":"C:\\Users\\Арсен\\full-stack-ts\\frontend\\src\\components\\WeatherPanel.tsx","statementMap":{"0":{"start":{"line":9,"column":31},"end":{"line":93,"column":1}},"1":{"start":{"line":10,"column":26},"end":{"line":10,"column":44}},"2":{"start":{"line":11,"column":28},"end":{"line":11,"column":46}},"3":{"start":{"line":12,"column":26},"end":{"line":12,"column":69}},"4":{"start":{"line":13,"column":32},"end":{"line":13,"column":46}},"5":{"start":{"line":14,"column":24},"end":{"line":14,"column":53}},"6":{"start":{"line":16,"column":15},"end":{"line":28,"column":8}},"7":{"start":{"line":17,"column":4},"end":{"line":17,"column":21}},"8":{"start":{"line":18,"column":4},"end":{"line":18,"column":17}},"9":{"start":{"line":19,"column":4},"end":{"line":27,"column":5}},"10":{"start":{"line":20,"column":18},"end":{"line":20,"column":56}},"11":{"start":{"line":21,"column":6},"end":{"line":21,"column":19}},"12":{"start":{"line":23,"column":6},"end":{"line":23,"column":62}},"13":{"start":{"line":24,"column":6},"end":{"line":24,"column":20}},"14":{"start":{"line":26,"column":6},"end":{"line":26,"column":24}},"15":{"start":{"line":30,"column":2},"end":{"line":32,"column":19}},"16":{"start":{"line":31,"column":4},"end":{"line":31,"column":20}},"17":{"start":{"line":34,"column":2},"end":{"line":92,"column":4}},"18":{"start":{"line":43,"column":10},"end":{"line":43,"column":29}},"19":{"start":{"line":44,"column":20},"end":{"line":44,"column":44}},"20":{"start":{"line":45,"column":10},"end":{"line":45,"column":21}},"21":{"start":{"line":53,"column":29},"end":{"line":53,"column":53}}},"fnMap":{"0":{"name":"(anonymous_0)","decl":{"start":{"line":9,"column":31},"end":{"line":9,"column":32}},"loc":{"start":{"line":9,"column":37},"end":{"line":93,"column":1}},"line":9},"1":{"name":"(anonymous_1)","decl":{"start":{"line":16,"column":27},"end":{"line":16,"column":28}},"loc":{"start":{"line":16,"column":48},"end":{"line":28,"column":3}},"line":16},"2":{"name":"(anonymous_2)","decl":{"start":{"line":30,"column":12},"end":{"line":30,"column":13}},"loc":{"start":{"line":30,"column":18},"end":{"line":32,"column":3}},"line":30},"3":{"name":"(anonymous_3)","decl":{"start":{"line":42,"column":18},"end":{"line":42,"column":19}},"loc":{"start":{"line":42,"column":25},"end":{"line":46,"column":9}},"line":42},"4":{"name":"(anonymous_4)","decl":{"start":{"line":53,"column":22},"end":{"line":53,"column":23}},"loc":{"start":{"line":53,"column":29},"end":{"line":53,"column":53}},"line":53}},"branchMap":{"0":{"loc":{"start":{"line":23,"column":13},"end":{"line":23,"column":60}},"type":"binary-expr","locations":[{"start":{"line":23,"column":13},"end":{"line":23,"column":23}},{"start":{"line":23,"column":27},"end":{"line":23,"column":60}}],"line":23},"1":{"loc":{"start":{"line":44,"column":20},"end":{"line":44,"column":44}},"type":"binary-expr","locations":[{"start":{"line":44,"column":20},"end":{"line":44,"column":32}},{"start":{"line":44,"column":36},"end":{"line":44,"column":44}}],"line":44},"2":{"loc":{"start":{"line":60,"column":11},"end":{"line":60,"column":43}},"type":"cond-expr","locations":[{"start":{"line":60,"column":21},"end":{"line":60,"column":30}},{"start":{"line":60,"column":33},"end":{"line":60,"column":43}}],"line":60},"3":{"loc":{"start":{"line":64,"column":7},"end":{"line":64,"column":76}},"type":"binary-expr","locations":[{"start":{"line":64,"column":7},"end":{"line":64,"column":14}},{"start":{"line":64,"column":18},"end":{"line":64,"column":23}},{"start":{"line":64,"column":27},"end":{"line":64,"column":76}}],"line":64},"4":{"loc":{"start":{"line":65,"column":7},"end":{"line":65,"column":57}},"type":"binary-expr","locations":[{"start":{"line":65,"column":7},"end":{"line":65,"column":10}},{"start":{"line":65,"column":14},"end":{"line":65,"column":57}}],"line":65},"5":{"loc":{"start":{"line":67,"column":7},"end":{"line":74,"column":7}},"type":"binary-expr","locations":[{"start":{"line":67,"column":7},"end":{"line":67,"column":11}},{"start":{"line":67,"column":15},"end":{"line":67,"column":30}},{"start":{"line":68,"column":8},"end":{"line":73,"column":14}}],"line":67},"6":{"loc":{"start":{"line":70,"column":56},"end":{"line":70,"column":91}},"type":"binary-expr","locations":[{"start":{"line":70,"column":56},"end":{"line":70,"column":68}},{"start":{"line":70,"column":72},"end":{"line":70,"column":91}}],"line":70},"7":{"loc":{"start":{"line":76,"column":7},"end":{"line":90,"column":7}},"type":"binary-expr","locations":[{"start":{"line":76,"column":7},"end":{"line":76,"column":11}},{"start":{"line":76,"column":15},"end":{"line":76,"column":29}},{"start":{"line":77,"column":8},"end":{"line":89,"column":13}}],"line":76},"8":{"loc":{"start":{"line":81,"column":13},"end":{"line":81,"column":53}},"type":"cond-expr","locations":[{"start":{"line":81,"column":28},"end":{"line":81,"column":48}},{"start":{"line":81,"column":51},"end":{"line":81,"column":53}}],"line":81},"9":{"loc":{"start":{"line":84,"column":15},"end":{"line":84,"column":76}},"type":"cond-expr","locations":[{"start":{"line":84,"column":44},"end":{"line":84,"column":70}},{"start":{"line":84,"column":73},"end":{"line":84,"column":76}}],"line":84},"10":{"loc":{"start":{"line":86,"column":15},"end":{"line":86,"column":80}},"type":"cond-expr","locations":[{"start":{"line":86,"column":45},"end":{"line":86,"column":74}},{"start":{"line":86,"column":77},"end":{"line":86,"column":80}}],"line":86},"11":{"loc":{"start":{"line":88,"column":15},"end":{"line":88,"column":39}},"type":"binary-expr","locations":[{"start":{"line":88,"column":15},"end":{"line":88,"column":32}},{"start":{"line":88,"column":36},"end":{"line":88,"column":39}}],"line":88}},"s":{"0":2,"1":7,"2":7,"3":7,"4":7,"5":7,"6":7,"7":4,"8":4,"9":4,"10":4,"11":3,"12":1,"13":1,"14":4,"15":7,"16":4,"17":7,"18":0,"19":0,"20":0,"21":0},"f":{"0":7,"1":4,"2":4,"3":0,"4":0},"b":{"0":[1,0],"1":[0,0],"2":[4,3],"3":[7,4,4],"4":[7,1],"5":[7,2,1],"6":[1,0],"7":[7,2,1],"8":[1,0],"9":[1,0],"10":[1,0],"11":[1,0]},"_coverageSchema":"1a1c01bbd47fc00a2c39e90264f33305004495a9","hash":"c4aca9d974778dd4770b81522a7d91fb8fa03bb7"}
,"C:\\Users\\Арсен\\full-stack-ts\\frontend\\src\\components\\Auth\\LoginForm.tsx": {"path":"C:\\Users\\Арсен\\full-stack-ts\\frontend\\src\\components\\Auth\\LoginForm.tsx","statementMap":{"0":{"start":{"line":6,"column":28},"end":{"line":80,"column":1}},"1":{"start":{"line":7,"column":34},"end":{"line":7,"column":46}},"2":{"start":{"line":8,"column":34},"end":{"line":8,"column":46}},"3":{"start":{"line":9,"column":28},"end":{"line":9,"column":40}},"4":{"start":{"line":10,"column":36},"end":{"line":10,"column":51}},"5":{"start":{"line":12,"column":20},"end":{"line":12,"column":29}},"6":{"start":{"line":13,"column":19},"end":{"line":13,"column":32}},"7":{"start":{"line":15,"column":23},"end":{"line":34,"column":3}},"8":{"start":{"line":16,"column":4},"end":{"line":16,"column":23}},"9":{"start":{"line":17,"column":4},"end":{"line":17,"column":17}},"10":{"start":{"line":18,"column":4},"end":{"line":18,"column":23}},"11":{"start":{"line":20,"column":4},"end":{"line":33,"column":5}},"12":{"start":{"line":21,"column":6},"end":{"line":21,"column":51}},"13":{"start":{"line":22,"column":19},"end":{"line":22,"column":50}},"14":{"start":{"line":23,"column":6},"end":{"line":23,"column":56}},"15":{"start":{"line":26,"column":6},"end":{"line":26,"column":20}},"16":{"start":{"line":28,"column":27},"end":{"line":28,"column":78}},"17":{"start":{"line":29,"column":6},"end":{"line":29,"column":29}},"18":{"start":{"line":30,"column":6},"end":{"line":30,"column":52}},"19":{"start":{"line":32,"column":6},"end":{"line":32,"column":26}},"20":{"start":{"line":37,"column":2},"end":{"line":79,"column":4}},"21":{"start":{"line":50,"column":29},"end":{"line":50,"column":56}},"22":{"start":{"line":63,"column":29},"end":{"line":63,"column":56}}},"fnMap":{"0":{"name":"(anonymous_0)","decl":{"start":{"line":6,"column":28},"end":{"line":6,"column":29}},"loc":{"start":{"line":6,"column":34},"end":{"line":80,"column":1}},"line":6},"1":{"name":"(anonymous_1)","decl":{"start":{"line":15,"column":23},"end":{"line":15,"column":24}},"loc":{"start":{"line":15,"column":53},"end":{"line":34,"column":3}},"line":15},"2":{"name":"(anonymous_2)","decl":{"start":{"line":50,"column":22},"end":{"line":50,"column":23}},"loc":{"start":{"line":50,"column":29},"end":{"line":50,"column":56}},"line":50},"3":{"name":"(anonymous_3)","decl":{"start":{"line":63,"column":22},"end":{"line":63,"column":23}},"loc":{"start":{"line":63,"column":29},"end":{"line":63,"column":56}},"line":63}},"branchMap":{"0":{"loc":{"start":{"line":28,"column":27},"end":{"line":28,"column":78}},"type":"cond-expr","locations":[{"start":{"line":28,"column":50},"end":{"line":28,"column":61}},{"start":{"line":28,"column":64},"end":{"line":28,"column":78}}],"line":28},"1":{"loc":{"start":{"line":42,"column":9},"end":{"line":42,"column":62}},"type":"binary-expr","locations":[{"start":{"line":42,"column":9},"end":{"line":42,"column":14}},{"start":{"line":42,"column":18},"end":{"line":42,"column":62}}],"line":42},"2":{"loc":{"start":{"line":71,"column":11},"end":{"line":71,"column":42}},"type":"cond-expr","locations":[{"start":{"line":71,"column":23},"end":{"line":71,"column":32}},{"start":{"line":71,"column":35},"end":{"line":71,"column":42}}],"line":71}},"s":{"0":1,"1":0,"2":0,"3":0,"4":0,"5":0,"6":0,"7":0,"8":0,"9":0,"10":0,"11":0,"12":0,"13":0,"14":0,"15":0,"16":0,"17":0,"18":0,"19":0,"20":0,"21":0,"22":0},"f":{"0":0,"1":0,"2":0,"3":0},"b":{"0":[0,0],"1":[0,0],"2":[0,0]},"_coverageSchema":"1a1c01bbd47fc00a2c39e90264f33305004495a9","hash":"a5c862ca4d4353dd38f2524eea5e15f4fb6bdb77"}
,"C:\\Users\\Арсен\\full-stack-ts\\frontend\\src\\components\\Auth\\ProtectedRoute.tsx": {"path":"C:\\Users\\Арсен\\full-stack-ts\\frontend\\src\\components\\Auth\\ProtectedRoute.tsx","statementMap":{"0":{"start":{"line":9,"column":54},"end":{"line":26,"column":1}},"1":{"start":{"line":10,"column":30},"end":{"line":10,"column":39}},"2":{"start":{"line":12,"column":2},"end":{"line":19,"column":3}},"3":{"start":{"line":13,"column":4},"end":{"line":18,"column":6}},"4":{"start":{"line":21,"column":2},"end":{"line":23,"column":3}},"5":{"start":{"line":22,"column":4},"end":{"line":22,"column":44}},"6":{"start":{"line":25,"column":2},"end":{"line":25,"column":25}}},"fnMap":{"0":{"name":"(anonymous_0)","decl":{"start":{"line":9,"column":54},"end":{"line":9,"column":55}},"loc":{"start":{"line":9,"column":72},"end":{"line":26,"column":1}},"line":9}},"branchMap":{"0":{"loc":{"start":{"line":12,"column":2},"end":{"line":19,"column":3}},"type":"if","locations":[{"start":{"line":12,"column":2},"end":{"line":19,"column":3}},{"start":{},"end":{}}],"line":12},"1":{"loc":{"start":{"line":21,"column":2},"end":{"line":23,"column":3}},"type":"if","locations":[{"start":{"line":21,"column":2},"end":{"line":23,"column":3}},{"start":{},"end":{}}],"line":21}},"s":{"0":1,"1":0,"2":0,"3":0,"4":0,"5":0,"6":0},"f":{"0":0},"b":{"0":[0,0],"1":[0,0]},"_coverageSchema":"1a1c01bbd47fc00a2c39e90264f33305004495a9","hash":"a25b70d1edec861d5953899baacfb2a2cbacc7f1"}
,"C:\\Users\\Арсен\\full-stack-ts\\frontend\\src\\components\\Auth\\RegisterForm.tsx": {"path":"C:\\Users\\Арсен\\full-stack-ts\\frontend\\src\\components\\Auth\\RegisterForm.tsx","statementMap":{"0":{"start":{"line":7,"column":31},"end":{"line":183,"column":1}},"1":{"start":{"line":8,"column":34},"end":{"line":8,"column":46}},"2":{"start":{"line":9,"column":28},"end":{"line":9,"column":40}},"3":{"start":{"line":10,"column":34},"end":{"line":10,"column":46}},"4":{"start":{"line":11,"column":48},"end":{"line":11,"column":60}},"5":{"start":{"line":12,"column":28},"end":{"line":12,"column":40}},"6":{"start":{"line":13,"column":36},"end":{"line":13,"column":51}},"7":{"start":{"line":14,"column":32},"end":{"line":14,"column":47}},"8":{"start":{"line":15,"column":50},"end":{"line":15,"column":96}},"9":{"start":{"line":17,"column":23},"end":{"line":17,"column":32}},"10":{"start":{"line":18,"column":19},"end":{"line":18,"column":32}},"11":{"start":{"line":20,"column":23},"end":{"line":66,"column":3}},"12":{"start":{"line":21,"column":4},"end":{"line":21,"column":23}},"13":{"start":{"line":22,"column":4},"end":{"line":22,"column":17}},"14":{"start":{"line":23,"column":4},"end":{"line":23,"column":22}},"15":{"start":{"line":26,"column":4},"end":{"line":29,"column":5}},"16":{"start":{"line":27,"column":6},"end":{"line":27,"column":38}},"17":{"start":{"line":28,"column":6},"end":{"line":28,"column":13}},"18":{"start":{"line":31,"column":4},"end":{"line":34,"column":5}},"19":{"start":{"line":32,"column":6},"end":{"line":32,"column":61}},"20":{"start":{"line":33,"column":6},"end":{"line":33,"column":13}},"21":{"start":{"line":36,"column":4},"end":{"line":39,"column":5}},"22":{"start":{"line":37,"column":6},"end":{"line":37,"column":70}},"23":{"start":{"line":38,"column":6},"end":{"line":38,"column":13}},"24":{"start":{"line":41,"column":4},"end":{"line":41,"column":23}},"25":{"start":{"line":43,"column":4},"end":{"line":65,"column":5}},"26":{"start":{"line":44,"column":6},"end":{"line":44,"column":46}},"27":{"start":{"line":47,"column":6},"end":{"line":47,"column":72}},"28":{"start":{"line":49,"column":6},"end":{"line":49,"column":23}},"29":{"start":{"line":50,"column":6},"end":{"line":50,"column":37}},"30":{"start":{"line":52,"column":6},"end":{"line":52,"column":44}},"31":{"start":{"line":55,"column":6},"end":{"line":57,"column":15}},"32":{"start":{"line":56,"column":8},"end":{"line":56,"column":22}},"33":{"start":{"line":60,"column":6},"end":{"line":60,"column":50}},"34":{"start":{"line":61,"column":6},"end":{"line":61,"column":74}},"35":{"start":{"line":62,"column":6},"end":{"line":62,"column":35}},"36":{"start":{"line":64,"column":6},"end":{"line":64,"column":26}},"37":{"start":{"line":68,"column":2},"end":{"line":86,"column":3}},"38":{"start":{"line":69,"column":4},"end":{"line":85,"column":6}},"39":{"start":{"line":78,"column":27},"end":{"line":78,"column":40}},"40":{"start":{"line":88,"column":2},"end":{"line":107,"column":3}},"41":{"start":{"line":89,"column":4},"end":{"line":106,"column":6}},"42":{"start":{"line":97,"column":14},"end":{"line":97,"column":42}},"43":{"start":{"line":98,"column":14},"end":{"line":98,"column":27}},"44":{"start":{"line":109,"column":2},"end":{"line":182,"column":4}},"45":{"start":{"line":122,"column":29},"end":{"line":122,"column":56}},"46":{"start":{"line":137,"column":29},"end":{"line":137,"column":53}},"47":{"start":{"line":150,"column":29},"end":{"line":150,"column":56}},"48":{"start":{"line":165,"column":29},"end":{"line":165,"column":63}}},"fnMap":{"0":{"name":"(anonymous_0)","decl":{"start":{"line":7,"column":31},"end":{"line":7,"column":32}},"loc":{"start":{"line":7,"column":37},"end":{"line":183,"column":1}},"line":7},"1":{"name":"(anonymous_1)","decl":{"start":{"line":20,"column":23},"end":{"line":20,"column":24}},"loc":{"start":{"line":20,"column":53},"end":{"line":66,"column":3}},"line":20},"2":{"name":"(anonymous_2)","decl":{"start":{"line":55,"column":17},"end":{"line":55,"column":18}},"loc":{"start":{"line":55,"column":23},"end":{"line":57,"column":7}},"line":55},"3":{"name":"(anonymous_3)","decl":{"start":{"line":78,"column":21},"end":{"line":78,"column":22}},"loc":{"start":{"line":78,"column":27},"end":{"line":78,"column":40}},"line":78},"4":{"name":"(anonymous_4)","decl":{"start":{"line":96,"column":21},"end":{"line":96,"column":22}},"loc":{"start":{"line":96,"column":27},"end":{"line":99,"column":13}},"line":96},"5":{"name":"(anonymous_5)","decl":{"start":{"line":122,"column":22},"end":{"line":122,"column":23}},"loc":{"start":{"line":122,"column":29},"end":{"line":122,"column":56}},"line":122},"6":{"name":"(anonymous_6)","decl":{"start":{"line":137,"column":22},"end":{"line":137,"column":23}},"loc":{"start":{"line":137,"column":29},"end":{"line":137,"column":53}},"line":137},"7":{"name":"(anonymous_7)","decl":{"start":{"line":150,"column":22},"end":{"line":150,"column":23}},"loc":{"start":{"line":150,"column":29},"end":{"line":150,"column":56}},"line":150},"8":{"name":"(anonymous_8)","decl":{"start":{"line":165,"column":22},"end":{"line":165,"column":23}},"loc":{"start":{"line":165,"column":29},"end":{"line":165,"column":63}},"line":165}},"branchMap":{"0":{"loc":{"start":{"line":26,"column":4},"end":{"line":29,"column":5}},"type":"if","locations":[{"start":{"line":26,"column":4},"end":{"line":29,"column":5}},{"start":{},"end":{}}],"line":26},"1":{"loc":{"start":{"line":31,"column":4},"end":{"line":34,"column":5}},"type":"if","locations":[{"start":{"line":31,"column":4},"end":{"line":34,"column":5}},{"start":{},"end":{}}],"line":31},"2":{"loc":{"start":{"line":36,"column":4},"end":{"line":39,"column":5}},"type":"if","locations":[{"start":{"line":36,"column":4},"end":{"line":39,"column":5}},{"start":{},"end":{}}],"line":36},"3":{"loc":{"start":{"line":47,"column":40},"end":{"line":47,"column":58}},"type":"binary-expr","locations":[{"start":{"line":47,"column":40},"end":{"line":47,"column":45}},{"start":{"line":47,"column":49},"end":{"line":47,"column":58}}],"line":47},"4":{"loc":{"start":{"line":61,"column":15},"end":{"line":61,"column":72}},"type":"cond-expr","locations":[{"start":{"line":61,"column":38},"end":{"line":61,"column":49}},{"start":{"line":61,"column":52},"end":{"line":61,"column":72}}],"line":61},"5":{"loc":{"start":{"line":68,"column":2},"end":{"line":86,"column":3}},"type":"if","locations":[{"start":{"line":68,"column":2},"end":{"line":86,"column":3}},{"start":{},"end":{}}],"line":68},"6":{"loc":{"start":{"line":88,"column":2},"end":{"line":107,"column":3}},"type":"if","locations":[{"start":{"line":88,"column":2},"end":{"line":107,"column":3}},{"start":{},"end":{}}],"line":88},"7":{"loc":{"start":{"line":114,"column":9},"end":{"line":114,"column":62}},"type":"binary-expr","locations":[{"start":{"line":114,"column":9},"end":{"line":114,"column":14}},{"start":{"line":114,"column":18},"end":{"line":114,"column":62}}],"line":114},"8":{"loc":{"start":{"line":174,"column":11},"end":{"line":174,"column":65}},"type":"cond-expr","locations":[{"start":{"line":174,"column":23},"end":{"line":174,"column":45}},{"start":{"line":174,"column":48},"end":{"line":174,"column":65}}],"line":174}},"s":{"0":1,"1":0,"2":0,"3":0,"4":0,"5":0,"6":0,"7":0,"8":0,"9":0,"10":0,"11":0,"12":0,"13":0,"14":0,"15":0,"16":0,"17":0,"18":0,"19":0,"20":0,"21":0,"22":0,"23":0,"24":0,"25":0,"26":0,"27":0,"28":0,"29":0,"30":0,"31":0,"32":0,"33":0,"34":0,"35":0,"36":0,"37":0,"38":0,"39":0,"40":0,"41":0,"42":0,"43":0,"44":0,"45":0,"46":0,"47":0,"48":0},"f":{"0":0,"1":0,"2":0,"3":0,"4":0,"5":0,"6":0,"7":0,"8":0},"b":{"0":[0,0],"1":[0,0],"2":[0,0],"3":[0,0],"4":[0,0],"5":[0,0],"6":[0,0],"7":[0,0],"8":[0,0]},"_coverageSchema":"1a1c01bbd47fc00a2c39e90264f33305004495a9","hash":"d40a1f8b964a8977ec7adee2cf81e9df061b8c39"}
,"C:\\Users\\Арсен\\full-stack-ts\\frontend\\src\\components\\Auth\\RoleProtectedRoute.tsx": {"path":"C:\\Users\\Арсен\\full-stack-ts\\frontend\\src\\components\\Auth\\RoleProtectedRoute.tsx","statementMap":{"0":{"start":{"line":11,"column":62},"end":{"line":68,"column":1}},"1":{"start":{"line":16,"column":30},"end":{"line":16,"column":39}},"2":{"start":{"line":18,"column":2},"end":{"line":25,"column":3}},"3":{"start":{"line":19,"column":4},"end":{"line":24,"column":6}},"4":{"start":{"line":27,"column":2},"end":{"line":29,"column":3}},"5":{"start":{"line":28,"column":4},"end":{"line":28,"column":44}},"6":{"start":{"line":32,"column":2},"end":{"line":34,"column":3}},"7":{"start":{"line":33,"column":4},"end":{"line":33,"column":27}},"8":{"start":{"line":37,"column":20},"end":{"line":37,"column":36}},"9":{"start":{"line":38,"column":18},"end":{"line":38,"column":40}},"10":{"start":{"line":41,"column":2},"end":{"line":43,"column":3}},"11":{"start":{"line":42,"column":4},"end":{"line":42,"column":27}},"12":{"start":{"line":46,"column":18},"end":{"line":46,"column":23}},"13":{"start":{"line":47,"column":2},"end":{"line":53,"column":3}},"14":{"start":{"line":49,"column":4},"end":{"line":49,"column":70}},"15":{"start":{"line":49,"column":44},"end":{"line":49,"column":68}},"16":{"start":{"line":52,"column":4},"end":{"line":52,"column":69}},"17":{"start":{"line":52,"column":43},"end":{"line":52,"column":67}},"18":{"start":{"line":55,"column":2},"end":{"line":65,"column":3}},"19":{"start":{"line":56,"column":4},"end":{"line":64,"column":6}},"20":{"start":{"line":67,"column":2},"end":{"line":67,"column":25}}},"fnMap":{"0":{"name":"(anonymous_0)","decl":{"start":{"line":11,"column":62},"end":{"line":11,"column":63}},"loc":{"start":{"line":15,"column":6},"end":{"line":68,"column":1}},"line":15},"1":{"name":"(anonymous_1)","decl":{"start":{"line":49,"column":36},"end":{"line":49,"column":37}},"loc":{"start":{"line":49,"column":44},"end":{"line":49,"column":68}},"line":49},"2":{"name":"(anonymous_2)","decl":{"start":{"line":52,"column":35},"end":{"line":52,"column":36}},"loc":{"start":{"line":52,"column":43},"end":{"line":52,"column":67}},"line":52}},"branchMap":{"0":{"loc":{"start":{"line":13,"column":2},"end":{"line":13,"column":20}},"type":"default-arg","locations":[{"start":{"line":13,"column":18},"end":{"line":13,"column":20}}],"line":13},"1":{"loc":{"start":{"line":14,"column":2},"end":{"line":14,"column":20}},"type":"default-arg","locations":[{"start":{"line":14,"column":15},"end":{"line":14,"column":20}}],"line":14},"2":{"loc":{"start":{"line":18,"column":2},"end":{"line":25,"column":3}},"type":"if","locations":[{"start":{"line":18,"column":2},"end":{"line":25,"column":3}},{"start":{},"end":{}}],"line":18},"3":{"loc":{"start":{"line":27,"column":2},"end":{"line":29,"column":3}},"type":"if","locations":[{"start":{"line":27,"column":2},"end":{"line":29,"column":3}},{"start":{},"end":{}}],"line":27},"4":{"loc":{"start":{"line":32,"column":2},"end":{"line":34,"column":3}},"type":"if","locations":[{"start":{"line":32,"column":2},"end":{"line":34,"column":3}},{"start":{},"end":{}}],"line":32},"5":{"loc":{"start":{"line":37,"column":20},"end":{"line":37,"column":36}},"type":"binary-expr","locations":[{"start":{"line":37,"column":20},"end":{"line":37,"column":30}},{"start":{"line":37,"column":34},"end":{"line":37,"column":36}}],"line":37},"6":{"loc":{"start":{"line":38,"column":18},"end":{"line":38,"column":40}},"type":"binary-expr","locations":[{"start":{"line":38,"column":18},"end":{"line":38,"column":31}},{"start":{"line":38,"column":35},"end":{"line":38,"column":40}}],"line":38},"7":{"loc":{"start":{"line":41,"column":2},"end":{"line":43,"column":3}},"type":"if","locations":[{"start":{"line":41,"column":2},"end":{"line":43,"column":3}},{"start":{},"end":{}}],"line":41},"8":{"loc":{"start":{"line":47,"column":2},"end":{"line":53,"column":3}},"type":"if","locations":[{"start":{"line":47,"column":2},"end":{"line":53,"column":3}},{"start":{"line":50,"column":9},"end":{"line":53,"column":3}}],"line":47},"9":{"loc":{"start":{"line":55,"column":2},"end":{"line":65,"column":3}},"type":"if","locations":[{"start":{"line":55,"column":2},"end":{"line":65,"column":3}},{"start":{},"end":{}}],"line":55},"10":{"loc":{"start":{"line":61,"column":23},"end":{"line":61,"column":80}},"type":"cond-expr","locations":[{"start":{"line":61,"column":46},"end":{"line":61,"column":66}},{"start":{"line":61,"column":69},"end":{"line":61,"column":80}}],"line":61}},"s":{"0":2,"1":2,"2":2,"3":0,"4":2,"5":1,"6":1,"7":0,"8":1,"9":1,"10":1,"11":1,"12":0,"13":0,"14":0,"15":0,"16":0,"17":0,"18":0,"19":0,"20":0},"f":{"0":2,"1":0,"2":0},"b":{"0":[1],"1":[2],"2":[0,2],"3":[1,1],"4":[0,1],"5":[1,0],"6":[1,0],"7":[1,0],"8":[0,0],"9":[0,0],"10":[0,0]},"_coverageSchema":"1a1c01bbd47fc00a2c39e90264f33305004495a9","hash":"b2ee55c2fcb921947add02c49bdaadc2a96f1ca6"}
,"C:\\Users\\Арсен\\full-stack-ts\\frontend\\src\\components\\Layout\\Footer.tsx": {"path":"C:\\Users\\Арсен\\full-stack-ts\\frontend\\src\\components\\Layout\\Footer.tsx","statementMap":{"0":{"start":{"line":3,"column":25},"end":{"line":11,"column":1}},"1":{"start":{"line":4,"column":2},"end":{"line":10,"column":4}}},"fnMap":{"0":{"name":"(anonymous_0)","decl":{"start":{"line":3,"column":25},"end":{"line":3,"column":26}},"loc":{"start":{"line":3,"column":31},"end":{"line":11,"column":1}},"line":3}},"branchMap":{},"s":{"0":1,"1":1},"f":{"0":1},"b":{},"_coverageSchema":"1a1c01bbd47fc00a2c39e90264f33305004495a9","hash":"3de4471daeab19d4aded884636face5762e53bce"}
,"C:\\Users\\Арсен\\full-stack-ts\\frontend\\src\\components\\Layout\\Header.tsx": {"path":"C:\\Users\\Арсен\\full-stack-ts\\frontend\\src\\components\\Layout\\Header.tsx","statementMap":{"0":{"start":{"line":6,"column":25},"end":{"line":136,"column":1}},"1":{"start":{"line":7,"column":19},"end":{"line":7,"column":32}},"2":{"start":{"line":8,"column":19},"end":{"line":8,"column":32}},"3":{"start":{"line":9,"column":27},"end":{"line":9,"column":36}},"4":{"start":{"line":10,"column":22},"end":{"line":10,"column":38}},"5":{"start":{"line":12,"column":23},"end":{"line":15,"column":3}},"6":{"start":{"line":13,"column":4},"end":{"line":13,"column":13}},"7":{"start":{"line":14,"column":4},"end":{"line":14,"column":23}},"8":{"start":{"line":17,"column":29},"end":{"line":19,"column":3}},"9":{"start":{"line":18,"column":4},"end":{"line":18,"column":25}},"10":{"start":{"line":21,"column":19},"end":{"line":21,"column":63}},"11":{"start":{"line":21,"column":37},"end":{"line":21,"column":63}},"12":{"start":{"line":23,"column":2},"end":{"line":135,"column":4}},"13":{"start":{"line":139,"column":15},"end":{"line":313,"column":1}},"14":{"start":{"line":316,"column":26},"end":{"line":360,"column":1}}},"fnMap":{"0":{"name":"(anonymous_0)","decl":{"start":{"line":6,"column":25},"end":{"line":6,"column":26}},"loc":{"start":{"line":6,"column":31},"end":{"line":136,"column":1}},"line":6},"1":{"name":"(anonymous_1)","decl":{"start":{"line":12,"column":23},"end":{"line":12,"column":24}},"loc":{"start":{"line":12,"column":29},"end":{"line":15,"column":3}},"line":12},"2":{"name":"(anonymous_2)","decl":{"start":{"line":17,"column":29},"end":{"line":17,"column":30}},"loc":{"start":{"line":17,"column":35},"end":{"line":19,"column":3}},"line":17},"3":{"name":"(anonymous_3)","decl":{"start":{"line":21,"column":19},"end":{"line":21,"column":20}},"loc":{"start":{"line":21,"column":37},"end":{"line":21,"column":63}},"line":21}},"branchMap":{"0":{"loc":{"start":{"line":39,"column":18},"end":{"line":39,"column":62}},"type":"cond-expr","locations":[{"start":{"line":39,"column":34},"end":{"line":39,"column":57}},{"start":{"line":39,"column":60},"end":{"line":39,"column":62}}],"line":39},"1":{"loc":{"start":{"line":45,"column":11},"end":{"line":68,"column":11}},"type":"binary-expr","locations":[{"start":{"line":45,"column":11},"end":{"line":45,"column":15}},{"start":{"line":46,"column":12},"end":{"line":67,"column":15}}],"line":45},"2":{"loc":{"start":{"line":51,"column":22},"end":{"line":51,"column":75}},"type":"cond-expr","locations":[{"start":{"line":51,"column":47},"end":{"line":51,"column":70}},{"start":{"line":51,"column":73},"end":{"line":51,"column":75}}],"line":51},"3":{"loc":{"start":{"line":56,"column":15},"end":{"line":66,"column":15}},"type":"binary-expr","locations":[{"start":{"line":56,"column":15},"end":{"line":56,"column":22}},{"start":{"line":57,"column":16},"end":{"line":65,"column":23}}],"line":56},"4":{"loc":{"start":{"line":61,"column":24},"end":{"line":61,"column":79}},"type":"cond-expr","locations":[{"start":{"line":61,"column":51},"end":{"line":61,"column":74}},{"start":{"line":61,"column":77},"end":{"line":61,"column":79}}],"line":61},"5":{"loc":{"start":{"line":78,"column":18},"end":{"line":78,"column":72}},"type":"cond-expr","locations":[{"start":{"line":78,"column":39},"end":{"line":78,"column":67}},{"start":{"line":78,"column":70},"end":{"line":78,"column":72}}],"line":78},"6":{"loc":{"start":{"line":85,"column":11},"end":{"line":131,"column":11}},"type":"cond-expr","locations":[{"start":{"line":86,"column":12},"end":{"line":107,"column":18}},{"start":{"line":109,"column":12},"end":{"line":130,"column":18}}],"line":85},"7":{"loc":{"start":{"line":93,"column":47},"end":{"line":93,"column":74}},"type":"cond-expr","locations":[{"start":{"line":93,"column":63},"end":{"line":93,"column":67}},{"start":{"line":93,"column":70},"end":{"line":93,"column":74}}],"line":93},"8":{"loc":{"start":{"line":95,"column":17},"end":{"line":95,"column":72}},"type":"binary-expr","locations":[{"start":{"line":95,"column":17},"end":{"line":95,"column":30}},{"start":{"line":95,"column":34},"end":{"line":95,"column":72}}],"line":95},"9":{"loc":{"start":{"line":114,"column":22},"end":{"line":114,"column":76}},"type":"cond-expr","locations":[{"start":{"line":114,"column":43},"end":{"line":114,"column":71}},{"start":{"line":114,"column":74},"end":{"line
[...]
,"C:\\Users\\Арсен\\full-stack-ts\\frontend\\src\\services\\authService.ts": {"path":"C:\\Users\\Арсен\\full-stack-ts\\frontend\\src\\services\\authService.ts","statementMap":{"0":{"start":{"line":6,"column":17},"end":{"line":6,"column":29}},"1":{"start":{"line":8,"column":27},"end":{"line":181,"column":1}},"2":{"start":{"line":10,"column":21},"end":{"line":10,"column":35}},"3":{"start":{"line":11,"column":4},"end":{"line":11,"column":42}},"4":{"start":{"line":12,"column":4},"end":{"line":12,"column":42}},"5":{"start":{"line":14,"column":4},"end":{"line":14,"column":56}},"6":{"start":{"line":15,"column":4},"end":{"line":15,"column":70}},"7":{"start":{"line":17,"column":4},"end":{"line":52,"column":5}},"8":{"start":{"line":18,"column":23},"end":{"line":22,"column":8}},"9":{"start":{"line":24,"column":6},"end":{"line":35,"column":7}},"10":{"start":{"line":26,"column":8},"end":{"line":32,"column":9}},"11":{"start":{"line":27,"column":10},"end":{"line":27,"column":44}},"12":{"start":{"line":29,"column":10},"end":{"line":31,"column":12}},"13":{"start":{"line":33,"column":8},"end":{"line":33,"column":52}},"14":{"start":{"line":34,"column":8},"end":{"line":34,"column":84}},"15":{"start":{"line":37,"column":37},"end":{"line":37,"column":58}},"16":{"start":{"line":38,"column":6},"end":{"line":40,"column":7}},"17":{"start":{"line":39,"column":8},"end":{"line":39,"column":64}},"18":{"start":{"line":41,"column":6},"end":{"line":41,"column":57}},"19":{"start":{"line":42,"column":6},"end":{"line":42,"column":22}},"20":{"start":{"line":45,"column":6},"end":{"line":50,"column":7}},"21":{"start":{"line":46,"column":8},"end":{"line":46,"column":49}},"22":{"start":{"line":47,"column":8},"end":{"line":49,"column":10}},"23":{"start":{"line":51,"column":6},"end":{"line":51,"column":18}},"24":{"start":{"line":56,"column":4},"end":{"line":56,"column":66}},"25":{"start":{"line":57,"column":4},"end":{"line":57,"column":48}},"26":{"start":{"line":59,"column":4},"end":{"line":93,"column":5}},"27":{"start":{"line":60,"column":23},"end":{"line":66,"column":8}},"28":{"start":{"line":68,"column":6},"end":{"line":79,"column":7}},"29":{"start":{"line":70,"column":8},"end":{"line":76,"column":9}},"30":{"start":{"line":71,"column":10},"end":{"line":71,"column":44}},"31":{"start":{"line":73,"column":10},"end":{"line":75,"column":12}},"32":{"start":{"line":77,"column":8},"end":{"line":77,"column":59}},"33":{"start":{"line":78,"column":8},"end":{"line":78,"column":91}},"34":{"start":{"line":81,"column":19},"end":{"line":81,"column":40}},"35":{"start":{"line":82,"column":6},"end":{"line":82,"column":54}},"36":{"start":{"line":83,"column":6},"end":{"line":83,"column":18}},"37":{"start":{"line":86,"column":6},"end":{"line":91,"column":7}},"38":{"start":{"line":87,"column":8},"end":{"line":87,"column":49}},"39":{"start":{"line":88,"column":8},"end":{"line":90,"column":10}},"40":{"start":{"line":92,"column":6},"end":{"line":92,"column":18}},"41":{"start":{"line":97,"column":4},"end":{"line":97,"column":51}},"42":{"start":{"line":99,"column":21},"end":{"line":105,"column":6}},"43":{"start":{"line":107,"column":4},"end":{"line":113,"column":5}},"44":{"start":{"line":108,"column":6},"end":{"line":111,"column":7}},"45":{"start":{"line":109,"column":8},"end":{"line":109,"column":52}},"46":{"start":{"line":110,"column":8},"end":{"line":110,"column":64}},"47":{"start":{"line":112,"column":6},"end":{"line":112,"column":49}},"48":{"start":{"line":115,"column":17},"end":{"line":115,"column":38}},"49":{"start":{"line":116,"column":4},"end":{"line":116,"column":57}},"50":{"start":{"line":117,"column":4},"end":{"line":117,"column":16}},"51":{"start":{"line":121,"column":4},"end":{"line":121,"column":49}},"52":{"start":{"line":123,"column":21},"end":{"line":129,"column":6}},"53":{"start":{"line":131,"column":4},"end":{"line":134,"column":5}},"54":{"start":{"line":132,"column":6},"end":{"line":132,"column":50}},"55":{"start":{"line":133,"column":6},"end":{"line":133,"column":18}},"56":{"start":{"line":136,"column":4},"end":{"line":136,"column":33}},"57":{"start":{"line":140,"column":4},"end":{"line":145,"column":5}},"58":{"start":{"line":141,"column":22},"end":{"line":141,"column":59}},"59":{"start":{"line":142,"column":6},"end":{"line":142,"column":45}},"60":{"start":{"line":144,"column":6},"end":{"line":144,"column":18}},"61":{"start":{"line":149,"column":15},"end":{"line":149,"column":38}},"62":{"start":{"line":150,"column":4},"end":{"line":150,"column":25}},"63":{"start":{"line":150,"column":13},"end":{"line":150,"column":25}},"64":{"start":{"line":152,"column":4},"end":{"line":166,"column":5}},"65":{"start":{"line":153,"column":23},"end":{"line":157,"column":8}},"66":{"start":{"line":159,"column":6},"end":{"line":161,"column":7}},"67":{"start":{"line":160,"column":8},"end":{"line":160,"column":20}},"68":{"start":{"line":162,"column":6},"end":{"line":162,"column":53}},"69":{"start":{"line":164,"column":6},"end":{"line":164,"column":62}},"70":{"start":{"line":165,"column":6},"end":{"line":165,"column":18}},"71":{"start":{"line":170,"column":4},"end":{"line":170,"column":30}},"72":{"start":{"line":170,"column":23},"end":{"line":170,"column":30}},"73":{"start":{"line":171,"column":4},"end":{"line":179,"column":5}},"74":{"start":{"line":172,"column":6},"end":{"line":176,"column":9}}},"fnMap":{"0":{"name":"(anonymous_0)","decl":{"start":{"line":9,"column":2},"end":{"line":9,"column":3}},"loc":{"start":{"line":9,"column":73},"end":{"line":53,"column":3}},"line":9},"1":{"name":"(anonymous_1)","decl":{"start":{"line":55,"column":2},"end":{"line":55,"column":3}},"loc":{"start":{"line":55,"column":94},"end":{"line":94,"column":3}},"line":55},"2":{"name":"(anonymous_2)","decl":{"start":{"line":96,"column":2},"end":{"line":96,"column":3}},"loc":{"start":{"line":96,"column":53},"end":{"line":118,"column":3}},"line":96},"3":{"name":"(anonymous_3)","decl":{"start":{"line":120,"column":2},"end":{"line":120,"column":3}},"loc":{"start":{"line":120,"column":54},"end":{"line":137,"column":3}},"line":120},"4":{"name":"(anonymous_4)","decl":{"start":{"line":139,"column":2},"end":{"line":139,"column":3}},"loc":{"start":{"line":139,"column":41},"end":{"line":146,"column":3}},"line":139},"5":{"name":"(anonymous_5)","decl":{"start":{"line":148,"column":2},"end":{"line":148,"column":3}},"loc":{"start":{"line":148,"column":54},"end":{"line":167,"column":3}},"line":148},"6":{"name":"(anonymous_6)","decl":{"start":{"line":169,"column":2},"end":{"line":169,"column":3}},"loc":{"start":{"line":169,"column":65},"end":{"line":180,"column":3}},"line":169}},"branchMap":{"0":{"loc":{"start":{"line":15,"column":36},"end":{"line":15,"column":66}},"type":"binary-expr","locations":[{"start":{"line":15,"column":36},"end":{"line":15,"column":44}},{"start":{"line":15,"column":48},"end":{"line":15,"column":66}}],"line":15},"1":{"loc":{"start":{"line":24,"column":6},"end":{"line":35,"column":7}},"type":"if","locations":[{"start":{"line":24,"column":6},"end":{"line":35,"column":7}},{"start":{},"end":{}}],"line":24},"2":{"loc":{"start":{"line":34,"column":24},"end":{"line":34,"column":82}},"type":"binary-expr","locations":[{"start":{"line":34,"column":24},"end":{"line":34,"column":40}},{"start":{"line":34,"column":44},"end":{"line":34,"column":82}}],"line":34},"3":{"loc":{"start":{"line":38,"column":6},"end":{"line":40,"column":7}},"type":"if","locations":[{"start":{"line":38,"column":6},"end":{"line":40,"column":7}},{"start":{},"end":{}}],"line":38},"4":{"loc":{"start":{"line":45,"column":6},"end":{"line":50,"column":7}},"type":"if","locations":[{"start":{"line":45,"column":6},"end":{"line":50,"column":7}},{"start":{},"end":{}}],"line":45},"5":{"loc":{"start":{"line":45,"column":10},"end":{"line":45,"column":71}},"type":"binary-expr","locations":[{"start":{"line":45,"column":10},"end":{"line":45,"column":36}},{"start":{"line":45,"column":40},"end":{"line":45,"column":71}}],"line":45},"6":{"loc":{"start":{"line":68,"column":6},"end":{"line":79,"column":7}},"type":"if","locations":[{"start":{"line":68,"column":6},"end":{"line":79,"column":7}},{"start":{},"end":{}}],"line":68},"7":{"loc":{"start":{"line":78,"column":24},"end":{"line":78,"column":89}},"type":"binary-expr","locations":[{"start":{"line":78,"column":24},"end":{"line":78,"column":40}},{"start":{"line":78,"column":44},"end":{"line":78,"column":89}}],"line":78},"8":{"loc":{"start":{"line":86,"column":6},"end":{"line":91,"column":7}},"type":"if","locations":[{"start":{"line":86,"column":6},"end":{"line":91,"column":7}},{"start":{},"end":{}}],"line":86},"9":{"loc":{"start":{"line":86,"column":10},"end":{"line":86,"column":71}},"type":"binary-expr","locations":[{"start":{"line":86,"column":10},"end":{"line":86,"column":36}},{"start":{"line":86,"column":40},"end":{"line":86,"column":71}}],"line":86},"10":{"loc":{"start":{"line":107,"column":4},"end":{"line":113,"column":5}},"type":"if","locations":[{"start":{"line":107,"column":4},"end":{"line":113,"column":5}},{"start":{},"end":{}}],"line":107},"11":{"loc":{"start":{"line":108,"column":6},"end":{"line":111,"column":7}},"type":"if","locations":[{"start":{"line":108,"column":6},"end":{"line":111,"column":7}},{"start":{},"end":{}}],"line":108},"12":{"loc":{"start":{"line":131,"column":4},"end":{"line":134,"column":5}},"type":"if","locations":[{"start":{"line":131,"column":4},"end":{"line":134,"column":5}},{"start":{},"end":{}}],"line":131},"13":{"loc":{"start":{"line":150,"column":4},"end":{"line":150,"column":25}},"type":"if","locations":[{"start":{"line":150,"column":4},"end":{"line":150,"column":25}},{"start":{},"end":{}}],"line":150},"14":{"loc":{"start":{"line":159,"column":6},"end":{"line":161,"column":7}},"type":"if","locations":[{"start":{"line":159,"column":6},"end":{"line":161,"column":7}},{"start":{},"end":{}}],"line":159},"15":{"loc":{"start":{"line":170,"column":4},"end":{"line":170,"column":30}},"type":"if","locations":[{"start":{"line":170,"column":4},"end":{"line":170,"column":30}},{"start":{},"end":{}}],"line":170}},"s":{"0":2,"1":2,"2":0,"3":0,"4":0,"5":0,"6":0,"7":0,"8":0,"9":0,"10":0,"11":0,"12":0,"13":0,"14":0,"15":0,"16":0,"17":0,"18":0,"19":0,"20":0,"21":0,"22":0,"23":0,"24":0,"25":0,"26":0,"27":0,"28":0,"29":0,"30":0,"31":0,"32":0,"33":0,"34":0,"35":0,"36":0,"37":0,"38":0,"39":0,"40":0,"41":0,"42":0,"43":0,"44":0,"45":0,"46":0,"47":0,"48":0,"49":0,"50":0,"51":0,"52":0,"53":0,"54":0,"55":0,"56":0,"57":0,"58":0,"59":0,"60":0,"61":0,"62":0,"63":0,"64":0,"65":0,"66":0,"67":0,"68":0,"69":0,"70":0,"71":0,"72":0,"73":0,"74":0},"f":{"0":0,"1":0,"2":0,"3":0,"4":0,"5":0,"6":0},"b":{"0":[0,0],"1":[0,0],"2":[0,0],"3":[0,0],"4":[0,0],"5":[0,0],"6":[0,0],"7":[0,0],"8":[0,0],"9":[0,0],"10":[0,0],"11":[0,0],"12":[0,0],"13":[0,0],"14":[0,0],"15":[0,0]},"_coverageSchema":"1a1c01bbd47fc00a2c39e90264f33305004495a9","hash":"c8cb3600ad77a403ccbdce557d8c1dddfd27b979"}
,"C:\\Users\\Арсен\\full-stack-ts\\frontend\\src\\types\\auth.ts": {"path":"C:\\Users\\Арсен\\full-stack-ts\\frontend\\src\\types\\auth.ts","statementMap":{},"fnMap":{},"branchMap":{},"s":{},"f":{},"b":{}}
,"C:\\Users\\Арсен\\full-stack-ts\\frontend\\src\\types\\index.ts": {"path":"C:\\Users\\Арсен\\full-stack-ts\\frontend\\src\\types\\index.ts","statementMap":{},"fnMap":{},"branchMap":{},"s":{},"f":{},"b":{}}
,"C:\\Users\\Арсен\\full-stack-ts\\frontend\\src\\utils\\authCookies.ts": {"path":"C:\\Users\\Арсен\\full-stack-ts\\frontend\\src\\utils\\authCookies.ts","statementMap":{"0":{"start":{"line":6,"column":35},"end":{"line":6,"column":49}},"1":{"start":{"line":7,"column":36},"end":{"line":7,"column":51}},"2":{"start":{"line":10,"column":27},"end":{"line":10,"column":34}},"3":{"start":{"line":11,"column":28},"end":{"line":11,"column":44}},"4":{"start":{"line":14,"column":2},"end":{"line":14,"column":34}},"5":{"start":{"line":14,"column":24},"end":{"line":14,"column":34}},"6":{"start":{"line":15,"column":38},"end":{"line":15,"column":40}},"7":{"start":{"line":16,"column":2},"end":{"line":26,"column":3}},"8":{"start":{"line":17,"column":16},"end":{"line":17,"column":33}},"9":{"start":{"line":18,"column":4},"end":{"line":18,"column":29}},"10":{"start":{"line":18,"column":20},"end":{"line":18,"column":29}},"11":{"start":{"line":19,"column":14},"end":{"line":19,"column":39}},"12":{"start":{"line":20,"column":14},"end":{"line":20,"column":40}},"13":{"start":{"line":21,"column":4},"end":{"line":25,"column":5}},"14":{"start":{"line":22,"column":6},"end":{"line":22,"column":37}},"15":{"start":{"line":24,"column":6},"end":{"line":24,"column":17}},"16":{"start":{"line":27,"column":2},"end":{"line":27,"column":13}},"17":{"start":{"line":31,"column":14},"end":{"line":31,"column":39}},"18":{"start":{"line":32,"column":17},"end":{"line":32,"column":105}},"19":{"start":{"line":33,"column":2},"end":{"line":33,"column":79}},"20":{"start":{"line":37,"column":12},"end":{"line":37,"column":49}},"21":{"start":{"line":38,"column":2},"end":{"line":38,"column":38}},"22":{"start":{"line":42,"column":12},"end":{"line":42,"column":50}},"23":{"start":{"line":43,"column":2},"end":{"line":43,"column":38}},"24":{"start":{"line":47,"column":2},"end":{"line":47,"column":86}},"25":{"start":{"line":51,"column":2},"end":{"line":51,"column":88}},"26":{"start":{"line":55,"column":2},"end":{"line":55,"column":79}},"27":{"start":{"line":59,"column":2},"end":{"line":59,"column":80}},"28":{"start":{"line":63,"column":2},"end":{"line":63,"column":27}},"29":{"start":{"line":64,"column":2},"end":{"line":64,"column":28}},"30":{"start":{"line":69,"column":20},"end":{"line":69,"column":49}},"31":{"start":{"line":70,"column":21},"end":{"line":70,"column":57}},"32":{"start":{"line":71,"column":2},"end":{"line":74,"column":3}},"33":{"start":{"line":72,"column":4},"end":{"line":72,"column":36}},"34":{"start":{"line":73,"column":4},"end":{"line":73,"column":37}},"35":{"start":{"line":75,"column":2},"end":{"line":78,"column":3}},"36":{"start":{"line":76,"column":4},"end":{"line":76,"column":38}},"37":{"start":{"line":77,"column":4},"end":{"line":77,"column":44}}},"fnMap":{"0":{"name":"readAllCookies","decl":{"start":{"line":13,"column":9},"end":{"line":13,"column":23}},"loc":{"start":{"line":13,"column":50},"end":{"line":28,"column":1}},"line":13},"1":{"name":"buildCookieString","decl":{"start":{"line":30,"column":9},"end":{"line":30,"column":26}},"loc":{"start":{"line":30,"column":83},"end":{"line":34,"column":1}},"line":30},"2":{"name":"getAccessTokenCookie","decl":{"start":{"line":36,"column":16},"end":{"line":36,"column":36}},"loc":{"start":{"line":36,"column":54},"end":{"line":39,"column":1}},"line":36},"3":{"name":"getRefreshTokenCookie","decl":{"start":{"line":41,"column":16},"end":{"line":41,"column":37}},"loc":{"start":{"line":41,"column":55},"end":{"line":44,"column":1}},"line":41},"4":{"name":"setAccessTokenCookie","decl":{"start":{"line":46,"column":16},"end":{"line":46,"column":36}},"loc":{"start":{"line":46,"column":58},"end":{"line":48,"column":1}},"line":46},"5":{"name":"setRefreshTokenCookie","decl":{"start":{"line":50,"column":16},"end":{"line":50,"column":37}},"loc":{"start":{"line":50,"column":59},"end":{"line":52,"column":1}},"line":50},"6":{"name":"clearAccessTokenCookie","decl":{"start":{"line":54,"column":16},"end":{"line":54,"column":38}},"loc":{"start":{"line":54,"column":47},"end":{"line":56,"column":1}},"line":54},"7":{"name":"clearRefreshTokenCookie","decl":{"start":{"line":58,"column":16},"end":{"line":58,"column":39}},"loc":{"start":{"line":58,"column":48},"end":{"line":60,"column":1}},"line":58},"8":{"name":"clearAuthCookies","decl":{"start":{"line":62,"column":16},"end":{"line":62,"column":32}},"loc":{"start":{"line":62,"column":41},"end":{"line":65,"column":1}},"line":62},"9":{"name":"migrateTokensFromLocalStorage","decl":{"start":{"line":68,"column":16},"end":{"line":68,"column":45}},"loc":{"start":{"line":68,"column":54},"end":{"line":79,"column":1}},"line":68}},"branchMap":{"0":{"loc":{"start":{"line":14,"column":2},"end":{"line":14,"column":34}},"type":"if","locations":[{"start":{"line":14,"column":2},"end":{"line":14,"column":34}},{"start":{},"end":{}}],"line":14},"1":{"loc":{"start":{"line":18,"column":4},"end":{"line":18,"column":29}},"type":"if","locations":[{"start":{"line":18,"column":4},"end":{"line":18,"column":29}},{"start":{},"end":{}}],"line":18},"2":{"loc":{"start":{"line":32,"column":17},"end":{"line":32,"column":105}},"type":"cond-expr","locations":[{"start":{"line":32,"column":90},"end":{"line":32,"column":100}},{"start":{"line":32,"column":103},"end":{"line":32,"column":105}}],"line":32},"3":{"loc":{"start":{"line":32,"column":17},"end":{"line":32,"column":87}},"type":"binary-expr","locations":[{"start":{"line":32,"column":17},"end":{"line":32,"column":46}},{"start":{"line":32,"column":50},"end":{"line":32,"column":87}}],"line":32},"4":{"loc":{"start":{"line":38,"column":9},"end":{"line":38,"column":37}},"type":"cond-expr","locations":[{"start":{"line":38,"column":29},"end":{"line":38,"column":30}},{"start":{"line":38,"column":33},"end":{"line":38,"column":37}}],"line":38},"5":{"loc":{"start":{"line":38,"column":9},"end":{"line":38,"column":26}},"type":"binary-expr","locations":[{"start":{"line":38,"column":9},"end":{"line":38,"column":10}},{"start":{"line":38,"column":14},"end":{"line":38,"column":26}}],"line":38},"6":{"loc":{"start":{"line":43,"column":9},"end":{"line":43,"column":37}},"type":"cond-expr","locations":[{"start":{"line":43,"column":29},"end":{"line":43,"column":30}},{"start":{"line":43,"column":33},"end":{"line":43,"column":37}}],"line":43},"7":{"loc":{"start":{"line":43,"column":9},"end":{"line":43,"column":26}},"type":"binary-expr","locations":[{"start":{"line":43,"column":9},"end":{"line":43,"column":10}},{"start":{"line":43,"column":14},"end":{"line":43,"column":26}}],"line":43},"8":{"loc":{"start":{"line":71,"column":2},"end":{"line":74,"column":3}},"type":"if","locations":[{"start":{"line":71,"column":2},"end":{"line":74,"column":3}},{"start":{},"end":{}}],"line":71},"9":{"loc":{"start":{"line":71,"column":6},"end":{"line":71,"column":42}},"type":"binary-expr","locations":[{"start":{"line":71,"column":6},"end":{"line":71,"column":15}},{"start":{"line":71,"column":19},"end":{"line":71,"column":42}}],"line":71},"10":{"loc":{"start":{"line":75,"column":2},"end":{"line":78,"column":3}},"type":"if","locations":[{"start":{"line":75,"column":2},"end":{"line":78,"column":3}},{"start":{},"end":{}}],"line":75},"11":{"loc":{"start":{"line":75,"column":6},"end":{"line":75,"column":44}},"type":"binary-expr","locations":[{"start":{"line":75,"column":6},"end":{"line":75,"column":16}},{"start":{"line":75,"column":20},"end":{"line":75,"column":44}}],"line":75}},"s":{"0":3,"1":3,"2":3,"3":3,"4":6,"5":5,"6":1,"7":1,"8":1,"9":1,"10":0,"11":1,"12":1,"13":1,"14":1,"15":0,"16":1,"17":2,"18":2,"19":2,"20":5,"21":5,"22":1,"23":1,"24":2,"25":0,"26":1,"27":1,"28":1,"29":1,"30":2,"31":2,"32":2,"33":0,"34":0,"35":2,"36":0,"37":0},"f":{"0":6,"1":2,"2":5,"3":1,"4":2,"5":0,"6":1,"7":1,"8":1,"9":2},"b":{"0":[5,1],"1":[0,1],"2":[0,2],"3":[2,2],"4":[1,4],"5":[5,1],"6":[0,1],"7":[1,0],"8":[0,2],"9":[2,0],"10":[0,2],"11":[2,0]},"_coverageSchema":"1a1c01bbd47fc00a2c39e90264f33305004495a9","hash":"27c93923c82b5e65dc74f0ba160c731e05f7d680"}
}
