TN:
SF:src\App.tsx
FN:20,App
FNF:1
FNH:1
FNDA:1,App
DA:21,1
LF:1
LH:1
BRF:0
BRH:0
end_of_record
TN:
SF:src\reportWebVitals.ts
FN:3,(anonymous_0)
FN:5,(anonymous_1)
FNF:2
FNH:0
FNDA:0,(anonymous_0)
FNDA:0,(anonymous_1)
DA:3,0
DA:4,0
DA:5,0
DA:6,0
DA:7,0
DA:8,0
DA:9,0
DA:10,0
LF:8
LH:0
BRDA:4,0,0,0
BRDA:4,0,1,0
BRDA:4,1,0,0
BRDA:4,1,1,0
BRF:4
BRH:0
end_of_record
TN:
SF:src\components\MinioStatus.tsx
FN:7,(anonymous_0)
FN:14,(anonymous_1)
FN:15,(anonymous_2)
FN:20,(anonymous_3)
FN:21,(anonymous_4)
FN:101,(anonymous_5)
FN:150,(anonymous_6)
FNF:7
FNH:0
FNDA:0,(anonymous_0)
FNDA:0,(anonymous_1)
FNDA:0,(anonymous_2)
FNDA:0,(anonymous_3)
FNDA:0,(anonymous_4)
FNDA:0,(anonymous_5)
FNDA:0,(anonymous_6)
DA:7,1
DA:8,0
DA:9,0
DA:10,0
DA:11,0
DA:12,0
DA:14,0
DA:15,0
DA:16,0
DA:17,0
DA:18,0
DA:20,0
DA:21,0
DA:24,0
DA:28,0
DA:30,0
DA:31,0
DA:33,0
DA:37,0
DA:40,0
DA:41,0
DA:43,0
DA:102,0
DA:151,0
DA:152,0
LF:25
LH:1
BRDA:28,0,0,0
BRDA:28,0,1,0
BRDA:40,1,0,0
BRDA:40,1,1,0
BRDA:41,2,0,0
BRDA:41,2,1,0
BRDA:57,3,0,0
BRDA:57,3,1,0
BRDA:58,4,0,0
BRDA:58,4,1,0
BRDA:67,5,0,0
BRDA:67,5,1,0
BRDA:69,6,0,0
BRDA:69,6,1,0
BRDA:73,7,0,0
BRDA:73,7,1,0
BRDA:74,8,0,0
BRDA:74,8,1,0
BRDA:75,9,0,0
BRDA:75,9,1,0
BRDA:89,10,0,0
BRDA:89,10,1,0
BRDA:97,11,0,0
BRDA:97,11,1,0
BRDA:105,12,0,0
BRDA:105,12,1,0
BRDA:108,13,0,0
BRDA:108,13,1,0
BRDA:147,14,0,0
BRDA:147,14,1,0
BRF:30
BRH:0
end_of_record
TN:
SF:src\components\Seo.tsx
FN:21,(anonymous_0)
FNF:1
FNH:1
FNDA:4,(anonymous_0)
DA:21,2
DA:29,4
DA:30,4
DA:31,4
DA:33,4
DA:35,4
LF:6
LH:6
BRDA:25,0,0,3
BRDA:26,1,0,4
BRDA:31,2,0,4
BRDA:31,2,1,0
BRDA:33,3,0,3
BRDA:33,3,1,1
BRDA:33,4,0,4
BRDA:33,4,1,1
BRDA:39,5,0,1
BRDA:39,5,1,3
BRDA:56,6,0,2
BRDA:56,6,1,2
BRF:12
BRH:11
end_of_record
TN:
SF:src\components\UserCatalogPanel.tsx
FN:49,(anonymous_0)
FN:72,(anonymous_1)
FN:85,(anonymous_2)
FN:89,(anonymous_3)
FN:125,(anonymous_4)
FN:129,(anonymous_5)
FN:137,(anonymous_6)
FN:143,(anonymous_7)
FN:145,(anonymous_8)
FN:159,(anonymous_9)
FN:173,(anonymous_10)
FN:202,(anonymous_11)
FN:209,(anonymous_12)
FN:227,(anonymous_13)
FN:237,(anonymous_14)
FN:289,(anonymous_15)
FN:289,(anonymous_16)
FN:297,(anonymous_17)
FN:297,(anonymous_18)
FN:306,(anonymous_19)
FN:306,(anonymous_20)
FN:314,(anonymous_21)
FN:314,(anonymous_22)
FN:321,(anonymous_23)
FN:321,(anonymous_24)
FN:333,(anonymous_25)
FN:334,(anonymous_26)
FN:345,(anonymous_27)
FN:345,(anonymous_28)
FN:347,(anonymous_29)
FN:359,(anonymous_30)
FN:359,(anonymous_31)
FN:374,(anonymous_32)
FN:378,(anonymous_33)
FN:383,(anonymous_34)
FN:388,(anonymous_35)
FN:425,(anonymous_36)
FN:435,(anonymous_37)
FN:440,(anonymous_38)
FN:443,(anonymous_39)
FN:454,(anonymous_40)
FN:463,(anonymous_41)
FN:478,(anonymous_42)
FN:482,(anonymous_43)
FN:486,(anonymous_44)
FN:489,(anonymous_45)
FN:492,(anonymous_46)
FNF:47
FNH:0
FNDA:0,(anonymous_0)
FNDA:0,(anonymous_1)
FNDA:0,(anonymous_2)
FNDA:0,(anonymous_3)
FNDA:0,(anonymous_4)
FNDA:0,(anonymous_5)
FNDA:0,(anonymous_6)
FNDA:0,(anonymous_7)
FNDA:0,(anonymous_8)
FNDA:0,(anonymous_9)
FNDA:0,(anonymous_10)
FNDA:0,(anonymous_11)
FNDA:0,(anonymous_12)
FNDA:0,(anonymous_13)
FNDA:0,(anonymous_14)
FNDA:0,(anonymous_15)
FNDA:0,(anonymous_16)
FNDA:0,(anonymous_17)
FNDA:0,(anonymous_18)
FNDA:0,(anonymous_19)
FNDA:0,(anonymous_20)
FNDA:0,(anonymous_21)
FNDA:0,(anonymous_22)
FNDA:0,(anonymous_23)
FNDA:0,(anonymous_24)
FNDA:0,(anonymous_25)
FNDA:0,(anonymous_26)
FNDA:0,(anonymous_27)
FNDA:0,(anonymous_28)
FNDA:0,(anonymous_29)
FNDA:0,(anonymous_30)
FNDA:0,(anonymous_31)
FNDA:0,(anonymous_32)
FNDA:0,(anonymous_33)
FNDA:0,(anonymous_34)
FNDA:0,(anonymous_35)
FNDA:0,(anonymous_36)
FNDA:0,(anonymous_37)
FNDA:0,(anonymous_38)
FNDA:0,(anonymous_39)
FNDA:0,(anonymous_40)
FNDA:0,(anonymous_41)
FNDA:0,(anonymous_42)
FNDA:0,(anonymous_43)
FNDA:0,(anonymous_44)
FNDA:0,(anonymous_45)
FNDA:0,(anonymous_46)
DA:29,1
DA:49,1
DA:54,0
DA:55,0
DA:56,0
DA:57,0
DA:58,0
DA:59,0
DA:61,0
DA:72,0
DA:73,0
DA:85,0
DA:86,0
DA:89,0
DA:90,0
DA:91,0
DA:93,0
DA:94,0
DA:95,0
DA:97,0
DA:98,0
DA:99,0
DA:100,0
DA:111,0
DA:113,0
DA:114,0
DA:115,0
DA:118,0
DA:119,0
DA:121,0
DA:125,0
DA:126,0
DA:129,0
DA:130,0
DA:131,0
DA:135,0
DA:136,0
DA:137,0
DA:138,0
DA:139,0
DA:143,0
DA:144,0
DA:145,0
DA:146,0
DA:147,0
DA:148,0
DA:149,0
DA:150,0
DA:151,0
DA:152,0
DA:153,0
DA:154,0
DA:155,0
DA:156,0
DA:159,0
DA:160,0
DA:161,0
DA:162,0
DA:163,0
DA:166,0
DA:167,0
DA:168,0
DA:169,0
DA:170,0
DA:171,0
DA:173,0
DA:174,0
DA:175,0
DA:176,0
DA:177,0
DA:178,0
DA:179,0
DA:184,0
DA:185,0
DA:186,0
DA:187,0
DA:188,0
DA:190,0
DA:192,0
DA:196,0
DA:197,0
DA:198,0
DA:199,0
DA:200,0
DA:202,0
DA:203,0
DA:204,0
DA:205,0
DA:206,0
DA:209,0
DA:210,0
DA:211,0
DA:212,0
DA:213,0
DA:218,0
DA:219,0
DA:221,0
DA:223,0
DA:227,0
DA:228,0
DA:229,0
DA:230,0
DA:231,0
DA:233,0
DA:237,0
DA:238,0
DA:239,0
DA:240,0
DA:242,0
DA:246,0
DA:247,0
DA:254,0
DA:255,0
DA:262,0
DA:263,0
DA:264,0
DA:266,0
DA:289,0
DA:297,0
DA:306,0
DA:314,0
DA:321,0
DA:334,0
DA:345,0
DA:348,0
DA:359,0
DA:374,0
DA:378,0
DA:383,0
DA:388,0
DA:426,0
DA:435,0
DA:440,0
DA:443,0
DA:454,0
DA:463,0
DA:478,0
DA:482,0
DA:486,0
DA:489,0
DA:492,0
LF:141
LH:2
BRDA:50,0,0,0
BRDA:52,1,0,0
BRDA:74,2,0,0
BRDA:74,2,1,0
BRDA:75,3,0,0
BRDA:75,3,1,0
BRDA:76,4,0,0
BRDA:76,4,1,0
BRDA:77,5,0,0
BRDA:77,5,1,0
BRDA:78,6,0,0
BRDA:78,6,1,0
BRDA:79,7,0,0
BRDA:79,7,1,0
BRDA:80,8,0,0
BRDA:80,8,1,0
BRDA:80,9,0,0
BRDA:80,9,1,0
BRDA:90,10,0,0
BRDA:90,10,1,0
BRDA:93,11,0,0
BRDA:93,11,1,0
BRDA:101,12,0,0
BRDA:101,12,1,0
BRDA:102,13,0,0
BRDA:102,13,1,0
BRDA:103,14,0,0
BRDA:103,14,1,0
BRDA:104,15,0,0
BRDA:104,15,1,0
BRDA:105,16,0,0
BRDA:105,16,1,0
BRDA:105,17,0,0
BRDA:105,17,1,0
BRDA:106,18,0,0
BRDA:106,18,1,0
BRDA:106,19,0,0
BRDA:106,19,1,0
BRDA:107,20,0,0
BRDA:107,20,1,0
BRDA:108,21,0,0
BRDA:108,21,1,0
BRDA:109,22,0,0
BRDA:109,22,1,0
BRDA:113,23,0,0
BRDA:113,23,1,0
BRDA:114,24,0,0
BRDA:114,24,1,0
BRDA:130,25,0,0
BRDA:130,25,1,0
BRDA:138,26,0,0
BRDA:138,26,1,0
BRDA:148,27,0,0
BRDA:148,27,1,0
BRDA:149,28,0,0
BRDA:149,28,1,0
BRDA:150,29,0,0
BRDA:150,29,1,0
BRDA:151,30,0,0
BRDA:151,30,1,0
BRDA:155,31,0,0
BRDA:155,31,1,0
BRDA:155,32,0,0
BRDA:155,32,1,0
BRDA:175,33,0,0
BRDA:175,33,1,0
BRDA:175,34,0,0
BRDA:175,34,1,0
BRDA:180,35,0,0
BRDA:180,35,1,0
BRDA:181,36,0,0
BRDA:181,36,1,0
BRDA:190,37,0,0
BRDA:190,37,1,0
BRDA:205,38,0,0
BRDA:205,38,1,0
BRDA:210,39,0,0
BRDA:210,39,1,0
BRDA:215,40,0,0
BRDA:215,40,1,0
BRDA:221,41,0,0
BRDA:221,41,1,0
BRDA:228,42,0,0
BRDA:228,42,1,0
BRDA:233,43,0,0
BRDA:233,43,1,0
BRDA:242,44,0,0
BRDA:242,44,1,0
BRDA:246,45,0,0
BRDA:246,45,1,0
BRDA:254,46,0,0
BRDA:254,46,1,0
BRDA:262,47,0,0
BRDA:262,47,1,0
BRDA:263,48,0,0
BRDA:263,48,1,0
BRDA:263,48,2,0
BRDA:263,49,0,0
BRDA:263,49,1,0
BRDA:264,50,0,0
BRDA:264,50,1,0
BRDA:268,51,0,0
BRDA:268,51,1,0
BRDA:276,52,0,0
BRDA:276,52,1,0
BRDA:354,53,0,0
BRDA:354,53,1,0
BRDA:370,54,0,0
BRDA:370,54,1,0
BRDA:374,55,0,0
BRDA:374,55,1,0
BRDA:390,56,0,0
BRDA:390,56,1,0
BRDA:391,57,0,0
BRDA:391,57,1,0
BRDA:394,58,0,0
BRDA:394,58,1,0
BRDA:403,59,0,0
BRDA:403,59,1,0
BRDA:405,60,0,0
BRDA:405,60,1,0
BRDA:407,61,0,0
BRDA:407,61,1,0
BRDA:415,62,0,0
BRDA:415,62,1,0
BRDA:428,63,0,0
BRDA:428,63,1,0
BRDA:428,64,0,0
BRDA:428,64,1,0
BRDA:433,65,0,0
BRDA:433,65,1,0
BRDA:438,66,0,0
BRDA:438,66,1,0
BRDA:472,67,0,0
BRDA:472,67,1,0
BRF:135
BRH:0
end_of_record
TN:
SF:src\components\WeatherPanel.tsx
FN:9,(anonymous_0)
FN:16,(anonymous_1)
FN:30,(anonymous_2)
FN:42,(anonymous_3)
FN:53,(anonymous_4)
FNF:5
FNH:3
FNDA:7,(anonymous_0)
FNDA:4,(anonymous_1)
FNDA:4,(anonymous_2)
FNDA:0,(anonymous_3)
FNDA:0,(anonymous_4)
DA:9,2
DA:10,7
DA:11,7
DA:12,7
DA:13,7
DA:14,7
DA:16,7
DA:17,4
DA:18,4
DA:19,4
DA:20,4
DA:21,3
DA:23,1
DA:24,1
DA:26,4
DA:30,7
DA:31,4
DA:34,7
DA:43,0
DA:44,0
DA:45,0
DA:53,0
LF:22
LH:18
BRDA:23,0,0,1
BRDA:23,0,1,0
BRDA:44,1,0,0
BRDA:44,1,1,0
BRDA:60,2,0,4
BRDA:60,2,1,3
BRDA:64,3,0,7
BRDA:64,3,1,4
BRDA:64,3,2,4
BRDA:65,4,0,7
BRDA:65,4,1,1
BRDA:67,5,0,7
BRDA:67,5,1,2
BRDA:67,5,2,1
BRDA:70,6,0,1
BRDA:70,6,1,0
BRDA:76,7,0,7
BRDA:76,7,1,2
BRDA:76,7,2,1
BRDA:81,8,0,1
BRDA:81,8,1,0
BRDA:84,9,0,1
BRDA:84,9,1,0
BRDA:86,10,0,1
BRDA:86,10,1,0
BRDA:88,11,0,1
BRDA:88,11,1,0
BRF:27
BRH:19
end_of_record
TN:
SF:src\components\Auth\LoginForm.tsx
FN:6,(anonymous_0)
FN:15,(anonymous_1)
FN:50,(anonymous_2)
FN:63,(anonymous_3)
FNF:4
FNH:0
FNDA:0,(anonymous_0)
FNDA:0,(anonymous_1)
FNDA:0,(anonymous_2)
FNDA:0,(anonymous_3)
DA:6,1
DA:7,0
DA:8,0
DA:9,0
DA:10,0
DA:12,0
DA:13,0
DA:15,0
DA:16,0
DA:17,0
DA:18,0
DA:20,0
DA:21,0
DA:22,0
DA:23,0
DA:26,0
DA:28,0
DA:29,0
DA:30,0
DA:32,0
DA:37,0
DA:50,0
DA:63,0
LF:23
LH:1
BRDA:28,0,0,0
BRDA:28,0,1,0
BRDA:42,1,0,0
BRDA:42,1,1,0
BRDA:71,2,0,0
BRDA:71,2,1,0
BRF:6
BRH:0
end_of_record
TN:
SF:src\components\Auth\ProtectedRoute.tsx
FN:9,(anonymous_0)
FNF:1
FNH:0
FNDA:0,(anonymous_0)
DA:9,1
DA:10,0
DA:12,0
DA:13,0
DA:21,0
DA:22,0
DA:25,0
LF:7
LH:1
BRDA:12,0,0,0
BRDA:12,0,1,0
BRDA:21,1,0,0
BRDA:21,1,1,0
BRF:4
BRH:0
end_of_record
TN:
SF:src\components\Auth\RegisterForm.tsx
FN:7,(anonymous_0)
FN:20,(anonymous_1)
FN:55,(anonymous_2)
FN:78,(anonymous_3)
FN:96,(anonymous_4)
FN:122,(anonymous_5)
FN:137,(anonymous_6)
FN:150,(anonymous_7)
FN:165,(anonymous_8)
FNF:9
FNH:0
FNDA:0,(anonymous_0)
FNDA:0,(anonymous_1)
FNDA:0,(anonymous_2)
FNDA:0,(anonymous_3)
FNDA:0,(anonymous_4)
FNDA:0,(anonymous_5)
FNDA:0,(anonymous_6)
FNDA:0,(anonymous_7)
FNDA:0,(anonymous_8)
DA:7,1
DA:8,0
DA:9,0
DA:10,0
DA:11,0
DA:12,0
DA:13,0
DA:14,0
DA:15,0
DA:17,0
DA:18,0
DA:20,0
DA:21,0
DA:22,0
DA:23,0
DA:26,0
DA:27,0
DA:28,0
DA:31,0
DA:32,0
DA:33,0
DA:36,0
DA:37,0
DA:38,0
DA:41,0
DA:43,0
DA:44,0
DA:47,0
DA:49,0
DA:50,0
DA:52,0
DA:55,0
DA:56,0
DA:60,0
DA:61,0
DA:62,0
DA:64,0
DA:68,0
DA:69,0
DA:78,0
DA:88,0
DA:89,0
DA:97,0
DA:98,0
DA:109,0
DA:122,0
DA:137,0
DA:150,0
DA:165,0
LF:49
LH:1
BRDA:26,0,0,0
BRDA:26,0,1,0
BRDA:31,1,0,0
BRDA:31,1,1,0
BRDA:36,2,0,0
BRDA:36,2,1,0
BRDA:47,3,0,0
BRDA:47,3,1,0
BRDA:61,4,0,0
BRDA:61,4,1,0
BRDA:68,5,0,0
BRDA:68,5,1,0
BRDA:88,6,0,0
BRDA:88,6,1,0
BRDA:114,7,0,0
BRDA:114,7,1,0
BRDA:174,8,0,0
BRDA:174,8,1,0
BRF:18
BRH:0
end_of_record
TN:
SF:src\components\Auth\RoleProtectedRoute.tsx
FN:11,(anonymous_0)
FN:49,(anonymous_1)
FN:52,(anonymous_2)
FNF:3
FNH:1
FNDA:2,(anonymous_0)
FNDA:0,(anonymous_1)
FNDA:0,(anonymous_2)
DA:11,2
DA:16,2
DA:18,2
DA:19,0
DA:27,2
DA:28,1
DA:32,1
DA:33,0
DA:37,1
DA:38,1
DA:41,1
DA:42,1
DA:46,0
DA:47,0
DA:49,0
DA:52,0
DA:55,0
DA:56,0
DA:67,0
LF:19
LH:10
BRDA:13,0,0,1
BRDA:14,1,0,2
BRDA:18,2,0,0
BRDA:18,2,1,2
BRDA:27,3,0,1
BRDA:27,3,1,1
BRDA:32,4,0,0
BRDA:32,4,1,1
BRDA:37,5,0,1
BRDA:37,5,1,0
BRDA:38,6,0,1
BRDA:38,6,1,0
BRDA:41,7,0,1
BRDA:41,7,1,0
BRDA:47,8,0,0
BRDA:47,8,1,0
BRDA:55,9,0,0
BRDA:55,9,1,0
BRDA:61,10,0,0
BRDA:61,10,1,0
BRF:20
BRH:9
end_of_record
TN:
SF:src\components\Layout\Footer.tsx
FN:3,(anonymous_0)
FNF:1
FNH:1
FNDA:1,(anonymous_0)
DA:3,1
DA:4,1
LF:2
LH:2
BRF:0
BRH:0
end_of_record
TN:
SF:src\components\Layout\Header.tsx
FN:6,(anonymous_0)
FN:12,(anonymous_1)
FN:17,(anonymous_2)
FN:21,(anonymous_3)
FNF:4
FNH:2
FNDA:2,(anonymous_0)
FNDA:0,(anonymous_1)
FNDA:0,(anonymous_2)
FNDA:8,(anonymous_3)
DA:6,1
DA:7,2
DA:8,2
DA:9,2
DA:10,2
DA:12,2
DA:13,0
DA:14,0
DA:17,2
DA:18,0
DA:21,8
DA:23,2
DA:139,1
DA:316,1
LF:14
LH:11
BRDA:39,0,0,2
BRDA:39,0,1,0
BRDA:45,1,0,2
BRDA:45,1,1,0
BRDA:51,2,0,0
BRDA:51,2,1,0
BRDA:56,3,0,0
BRDA:56,3,1,0
BRDA:61,4,0,0
BRDA:61,4,1,0
BRDA:78,5,0,0
BRDA:78,5,1,2
BRDA:85,6,0,0
BRDA:85,6,1,2
BRDA:93,7,0,0
BRDA:93,7,1,0
BRDA:95,8,0,0
BRDA:95,8,1,0
BRDA:114,9,0,0
BRDA:114,9,1,2
BRDA:124,10,0,0
BRDA:124,10,1,2
BRF:22
BRH:6
end_of_record
TN:
SF:src\components\Layout\Layout.tsx
FN:9,(anonymous_0)
FNF:1
FNH:1
FNDA:1,(anonymous_0)
DA:9,1
DA:10,1
LF:2
LH:2
BRF:0
BRH:0
end_of_record
TN:
SF:src\components\RedactionPrototype\FileUpload.tsx
FN:8,(anonymous_0)
FN:14,(anonymous_1)
FN:25,(anonymous_2)
FNF:3
FNH:0
FNDA:0,(anonymous_0)
FNDA:0,(anonymous_1)
FNDA:0,(anonymous_2)
DA:8,0
DA:9,0
DA:11,0
DA:14,0
DA:25,0
LF:5
LH:0
BRDA:18,0,0,0
BRDA:18,0,1,0
BRF:2
BRH:0
end_of_record
TN:
SF:src\components\RedactionPrototype\ImageGallery.tsx
FN:10,(anonymous_0)
FN:15,(anonymous_1)
FN:23,(anonymous_2)
FNF:3
FNH:0
FNDA:0,(anonymous_0)
FNDA:0,(anonymous_1)
FNDA:0,(anonymous_2)
DA:10,0
DA:11,0
DA:16,0
DA:23,0
LF:4
LH:0
BRDA:19,0,0,0
BRDA:19,0,1,0
BRDA:20,1,0,0
BRDA:20,1,1,0
BRF:4
BRH:0
end_of_record
TN:
SF:src\components\RedactionPrototype\ImageViewer.tsx
FN:8,(anonymous_0)
FN:20,(anonymous_1)
FNF:2
FNH:0
FNDA:0,(anonymous_0)
FNDA:0,(anonymous_1)
DA:8,0
DA:9,0
DA:21,0
DA:22,0
LF:4
LH:0
BRDA:15,0,0,0
BRDA:15,0,1,0
BRF:2
BRH:0
end_of_record
TN:
SF:src\components\RedactionPrototype\RedactionPrototype.tsx
FN:25,RedactionPrototype
FN:49,(anonymous_1)
FN:57,(anonymous_2)
FN:67,(anonymous_3)
FN:80,(anonymous_4)
FN:90,handleFiles
FN:101,(anonymous_6)
FN:123,(anonymous_7)
FN:137,handleCensorFile
FN:163,(anonymous_9)
FN:180,(anonymous_10)
FN:188,(anonymous_11)
FN:188,(anonymous_12)
FN:202,(anonymous_13)
FN:212,(anonymous_14)
FN:213,(anonymous_15)
FN:219,(anonymous_16)
FN:220,(anonymous_17)
FN:247,(anonymous_18)
FN:256,(anonymous_19)
FN:267,(anonymous_20)
FN:278,(anonymous_21)
FN:300,(anonymous_22)
FN:310,(anonymous_23)
FN:337,(anonymous_24)
FN:351,(anonymous_25)
FN:369,(anonymous_26)
FN:374,(anonymous_27)
FN:391,(anonymous_28)
FN:417,(anonymous_29)
FN:433,(anonymous_30)
FN:438,(anonymous_31)
FN:461,(anonymous_32)
FNF:33
FNH:0
FNDA:0,RedactionPrototype
FNDA:0,(anonymous_1)
FNDA:0,(anonymous_2)
FNDA:0,(anonymous_3)
FNDA:0,(anonymous_4)
FNDA:0,handleFiles
FNDA:0,(anonymous_6)
FNDA:0,(anonymous_7)
FNDA:0,handleCensorFile
FNDA:0,(anonymous_9)
FNDA:0,(anonymous_10)
FNDA:0,(anonymous_11)
FNDA:0,(anonymous_12)
FNDA:0,(anonymous_13)
FNDA:0,(anonymous_14)
FNDA:0,(anonymous_15)
FNDA:0,(anonymous_16)
FNDA:0,(anonymous_17)
FNDA:0,(anonymous_18)
FNDA:0,(anonymous_19)
FNDA:0,(anonymous_20)
FNDA:0,(anonymous_21)
FNDA:0,(anonymous_22)
FNDA:0,(anonymous_23)
FNDA:0,(anonymous_24)
FNDA:0,(anonymous_25)
FNDA:0,(anonymous_26)
FNDA:0,(anonymous_27)
FNDA:0,(anonymous_28)
FNDA:0,(anonymous_29)
FNDA:0,(anonymous_30)
FNDA:0,(anonymous_31)
FNDA:0,(anonymous_32)
DA:26,0
DA:27,0
DA:28,0
DA:29,0
DA:30,0
DA:31,0
DA:32,0
DA:33,0
DA:34,0
DA:35,0
DA:40,0
DA:41,0
DA:42,0
DA:43,0
DA:45,0
DA:46,0
DA:47,0
DA:49,0
DA:50,0
DA:51,0
DA:52,0
DA:53,0
DA:57,0
DA:58,0
DA:59,0
DA:60,0
DA:62,0
DA:63,0
DA:67,0
DA:68,0
DA:69,0
DA:70,0
DA:71,0
DA:72,0
DA:75,0
DA:76,0
DA:80,0
DA:81,0
DA:82,0
DA:83,0
DA:85,0
DA:86,0
DA:91,0
DA:93,0
DA:94,0
DA:96,0
DA:97,0
DA:99,0
DA:101,0
DA:103,0
DA:104,0
DA:106,0
DA:107,0
DA:109,0
DA:112,0
DA:113,0
DA:123,0
DA:124,0
DA:126,0
DA:128,0
DA:130,0
DA:131,0
DA:133,0
DA:138,0
DA:140,0
DA:141,0
DA:143,0
DA:144,0
DA:146,0
DA:152,0
DA:154,0
DA:163,0
DA:164,0
DA:166,0
DA:168,0
DA:170,0
DA:173,0
DA:174,0
DA:176,0
DA:180,0
DA:181,0
DA:183,0
DA:184,0
DA:185,0
DA:188,0
DA:189,0
DA:190,0
DA:193,0
DA:195,0
DA:197,0
DA:198,0
DA:202,0
DA:203,0
DA:204,0
DA:205,0
DA:207,0
DA:208,0
DA:212,0
DA:213,0
DA:219,0
DA:220,0
DA:223,0
DA:247,0
DA:256,0
DA:267,0
DA:278,0
DA:301,0
DA:311,0
DA:337,0
DA:351,0
DA:370,0
DA:374,0
DA:392,0
DA:393,0
DA:418,0
DA:419,0
DA:420,0
DA:421,0
DA:422,0
DA:423,0
DA:424,0
DA:425,0
DA:430,0
DA:434,0
DA:439,0
DA:440,0
DA:461,0
LF:127
LH:0
BRDA:50,0,0,0
BRDA:50,0,1,0
BRDA:71,1,0,0
BRDA:71,1,1,0
BRDA:91,2,0,0
BRDA:91,2,1,0
BRDA:104,3,0,0
BRDA:104,3,1,0
BRDA:106,4,0,0
BRDA:106,4,1,0
BRDA:117,5,0,0
BRDA:117,5,1,0
BRDA:118,6,0,0
BRDA:118,6,1,0
BRDA:124,7,0,0
BRDA:124,7,1,0
BRDA:131,8,0,0
BRDA:131,8,1,0
BRDA:138,9,0,0
BRDA:138,9,1,0
BRDA:152,10,0,0
BRDA:152,10,1,0
BRDA:174,11,0,0
BRDA:174,11,1,0
BRDA:181,12,0,0
BRDA:181,12,1,0
BRDA:184,13,0,0
BRDA:184,13,1,0
BRDA:189,14,0,0
BRDA:189,14,1,0
BRDA:190,15,0,0
BRDA:190,15,1,0
BRDA:234,16,0,0
BRDA:234,16,1,0
BRDA:237,17,0,0
BRDA:237,17,1,0
BRDA:249,18,0,0
BRDA:249,18,1,0
BRDA:249,18,2,0
BRDA:250,19,0,0
BRDA:250,19,1,0
BRDA:252,20,0,0
BRDA:252,20,1,0
BRDA:258,21,0,0
BRDA:258,21,1,0
BRDA:258,21,2,0
BRDA:259,22,0,0
BRDA:259,22,1,0
BRDA:261,23,0,0
BRDA:261,23,1,0
BRDA:267,24,0,0
BRDA:267,24,1,0
BRDA:283,25,0,0
BRDA:283,25,1,0
BRDA:289,26,0,0
BRDA:289,26,1,0
BRDA:296,27,0,0
BRDA:296,27,1,0
BRDA:303,28,0,0
BRDA:303,28,1,0
BRDA:306,29,0,0
BRDA:306,29,1,0
BRDA:319,30,0,0
BRDA:319,30,1,0
BRDA:321,31,0,0
BRDA:321,31,1,0
BRDA:325,32,0,0
BRDA:325,32,1,0
BRDA:339,33,0,0
BRDA:339,33,1,0
BRDA:339,33,2,0
BRDA:349,34,0,0
BRDA:349,34,1,0
BRDA:349,34,2,0
BRDA:365,35,0,0
BRDA:365,35,1,0
BRDA:372,36,0,0
BRDA:372,36,1,0
BRDA:377,37,0,0
BRDA:377,37,1,0
BRDA:385,38,0,0
BRDA:385,38,1,0
BRDA:389,39,0,0
BRDA:389,39,1,0
BRDA:389,39,2,0
BRDA:407,40,0,0
BRDA:407,40,1,0
BRDA:413,41,0,0
BRDA:413,41,1,0
BRDA:421,42,0,0
BRDA:421,42,1,0
BRDA:473,43,0,0
BRDA:473,43,1,0
BRDA:474,44,0,0
BRDA:474,44,1,0
BRDA:475,45,0,0
BRDA:475,45,1,0
BRDA:477,46,0,0
BRDA:477,46,1,0
BRDA:478,47,0,0
BRDA:478,47,1,0
BRDA:479,48,0,0
BRDA:479,48,1,0
BRF:103
BRH:0
end_of_record
TN:
SF:src\config\apiBase.ts
FN:7,getApiBase
FNF:1
FNH:1
FNDA:4,getApiBase
DA:8,4
DA:9,4
DA:10,4
DA:12,0
LF:4
LH:3
BRDA:9,0,0,4
BRDA:9,0,1,0
BRDA:9,1,0,4
BRDA:9,1,1,0
BRF:4
BRH:2
end_of_record
TN:
SF:src\config\site.ts
FN:5,getPublicSiteUrl
FNF:1
FNH:1
FNDA:6,getPublicSiteUrl
DA:6,6
DA:7,6
DA:8,0
DA:10,6
DA:11,6
DA:13,0
LF:6
LH:4
BRDA:7,0,0,0
BRDA:7,0,1,6
BRDA:7,1,0,6
BRDA:7,1,1,0
BRDA:10,2,0,6
BRDA:10,2,1,0
BRF:6
BRH:3
end_of_record
TN:
SF:src\contexts\AuthContext.tsx
FN:16,(anonymous_0)
FN:18,(anonymous_1)
FN:25,(anonymous_2)
FN:26,(anonymous_3)
FN:27,(anonymous_4)
FN:33,(anonymous_5)
FN:39,(anonymous_6)
FN:40,(anonymous_7)
FN:132,(anonymous_8)
FN:171,(anonymous_9)
FN:192,(anonymous_10)
FN:200,(anonymous_11)
FN:204,(anonymous_12)
FN:211,(anonymous_13)
FN:218,(anonymous_14)
FN:240,(anonymous_15)
FNF:16
FNH:7
FNDA:2,(anonymous_0)
FNDA:1,(anonymous_1)
FNDA:1,(anonymous_2)
FNDA:0,(anonymous_3)
FNDA:0,(anonymous_4)
FNDA:1,(anonymous_5)
FNDA:1,(anonymous_6)
FNDA:1,(anonymous_7)
FNDA:0,(anonymous_8)
FNDA:0,(anonymous_9)
FNDA:0,(anonymous_10)
FNDA:0,(anonymous_11)
FNDA:0,(anonymous_12)
FNDA:0,(anonymous_13)
FNDA:0,(anonymous_14)
FNDA:6,(anonymous_15)
DA:14,1
DA:16,1
DA:17,2
DA:18,2
DA:19,1
DA:20,1
DA:22,2
DA:23,2
DA:25,2
DA:26,1
DA:27,1
DA:28,0
DA:29,0
DA:30,0
DA:31,0
DA:33,1
DA:34,1
DA:35,1
DA:39,2
DA:40,1
DA:41,1
DA:42,1
DA:43,1
DA:45,1
DA:46,0
DA:47,0
DA:48,0
DA:49,0
DA:50,0
DA:51,0
DA:52,0
DA:54,0
DA:56,0
DA:57,0
DA:58,0
DA:59,0
DA:60,0
DA:61,0
DA:65,0
DA:66,0
DA:67,0
DA:68,0
DA:69,0
DA:70,0
DA:71,0
DA:73,1
DA:74,0
DA:75,0
DA:76,0
DA:77,0
DA:78,0
DA:79,0
DA:82,1
DA:83,0
DA:84,0
DA:85,0
DA:87,0
DA:88,0
DA:90,0
DA:91,0
DA:92,0
DA:93,0
DA:95,0
DA:96,0
DA:97,0
DA:98,0
DA:100,0
DA:101,0
DA:102,0
DA:104,0
DA:107,0
DA:108,0
DA:110,0
DA:111,0
DA:112,0
DA:114,0
DA:117,0
DA:119,0
DA:120,0
DA:121,0
DA:122,0
DA:123,0
DA:126,1
DA:129,1
DA:132,2
DA:133,0
DA:134,0
DA:135,0
DA:137,0
DA:138,0
DA:140,0
DA:142,0
DA:143,0
DA:144,0
DA:145,0
DA:147,0
DA:148,0
DA:149,0
DA:150,0
DA:153,0
DA:154,0
DA:155,0
DA:157,0
DA:160,0
DA:161,0
DA:163,0
DA:164,0
DA:165,0
DA:167,0
DA:171,2
DA:172,0
DA:173,0
DA:174,0
DA:176,0
DA:179,0
DA:180,0
DA:182,0
DA:183,0
DA:185,0
DA:186,0
DA:188,0
DA:192,2
DA:193,0
DA:194,0
DA:195,0
DA:196,0
DA:197,0
DA:200,2
DA:201,0
DA:202,0
DA:204,0
DA:206,0
DA:207,0
DA:211,2
DA:212,0
DA:213,0
DA:214,0
DA:215,0
DA:218,2
DA:219,0
DA:220,0
DA:223,2
DA:233,2
DA:240,1
DA:241,6
DA:242,6
DA:243,0
DA:245,6
LF:148
LH:36
BRDA:45,0,0,0
BRDA:45,0,1,1
BRDA:45,1,0,1
BRDA:45,1,1,0
BRDA:45,1,2,0
BRDA:48,2,0,0
BRDA:48,2,1,0
BRDA:51,3,0,0
BRDA:51,3,1,0
BRDA:73,4,0,0
BRDA:73,4,1,1
BRDA:73,5,0,1
BRDA:73,5,1,0
BRDA:82,6,0,0
BRDA:82,6,1,1
BRDA:90,7,0,0
BRDA:90,7,1,0
BRDA:92,8,0,0
BRDA:92,8,1,0
BRDA:97,9,0,0
BRDA:97,9,1,0
BRDA:204,10,0,0
BRDA:204,10,1,0
BRDA:242,11,0,0
BRDA:242,11,1,6
BRF:25
BRH:6
end_of_record
TN:
SF:src\hooks\usePermissions.ts
FN:30,(anonymous_0)
FN:34,(anonymous_1)
FN:42,(anonymous_2)
FN:57,(anonymous_3)
FN:60,(anonymous_4)
FN:66,(anonymous_5)
FN:69,(anonymous_6)
FNF:7
FNH:1
FNDA:2,(anonymous_0)
FNDA:0,(anonymous_1)
FNDA:0,(anonymous_2)
FNDA:0,(anonymous_3)
FNDA:0,(anonymous_4)
FNDA:0,(anonymous_5)
FNDA:0,(anonymous_6)
DA:5,1
DA:30,1
DA:31,2
DA:33,2
DA:35,0
DA:36,0
DA:37,0
DA:42,2
DA:43,0
DA:44,0
DA:46,0
DA:47,0
DA:48,0
DA:49,0
DA:50,0
DA:53,0
DA:56,2
DA:58,0
DA:59,0
DA:60,0
DA:65,2
DA:67,0
DA:68,0
DA:69,0
DA:74,2
LF:25
LH:8
BRDA:35,0,0,0
BRDA:35,0,1,0
BRDA:36,1,0,0
BRDA:36,1,1,0
BRDA:37,2,0,0
BRDA:37,2,1,0
BRDA:43,3,0,0
BRDA:43,3,1,0
BRDA:44,4,0,0
BRDA:44,4,1,0
BRDA:46,5,0,0
BRDA:46,5,1,0
BRDA:48,6,0,0
BRDA:48,6,1,0
BRDA:49,7,0,0
BRDA:49,7,1,0
BRDA:58,8,0,0
BRDA:58,8,1,0
BRDA:59,9,0,0
BRDA:59,9,1,0
BRDA:60,10,0,0
BRDA:60,10,1,0
BRDA:67,11,0,0
BRDA:67,11,1,0
BRDA:68,12,0,0
BRDA:68,12,1,0
BRDA:69,13,0,0
BRDA:69,13,1,0
BRDA:79,14,0,2
BRDA:79,14,1,2
BRDA:80,15,0,2
BRDA:80,15,1,2
BRF:32
BRH:4
end_of_record
TN:
SF:src\pages\About.tsx
FN:4,(anonymous_0)
FNF:1
FNH:0
FNDA:0,(anonymous_0)
DA:4,1
DA:5,0
LF:2
LH:1
BRF:0
BRH:0
end_of_record
TN:
SF:src\pages\Home.tsx
FN:9,(anonymous_0)
FN:11,(anonymous_1)
FNF:2
FNH:2
FNDA:1,(anonymous_0)
FNDA:2,(anonymous_1)
DA:9,1
DA:11,1
DA:12,2
DA:13,2
DA:15,2
DA:24,2
LF:6
LH:6
BRDA:13,0,0,2
BRDA:13,0,1,0
BRDA:19,1,0,2
BRDA:19,1,1,0
BRDA:56,2,0,0
BRDA:56,2,1,2
BRF:6
BRH:3
end_of_record
TN:
SF:src\pages\Login.tsx
FN:5,(anonymous_0)
FNF:1
FNH:0
FNDA:0,(anonymous_0)
DA:5,1
DA:6,0
LF:2
LH:1
BRF:0
BRH:0
end_of_record
TN:
SF:src\pages\NotFound.tsx
FN:5,(anonymous_0)
FNF:1
FNH:0
FNDA:0,(anonymous_0)
DA:5,1
DA:6,0
LF:2
LH:1
BRF:0
BRH:0
end_of_record
TN:
SF:src\pages\RedactionPage.tsx
FN:5,(anonymous_0)
FNF:1
FNH:0
FNDA:0,(anonymous_0)
DA:5,1
DA:6,0
LF:2
LH:1
BRF:0
BRH:0
end_of_record
TN:
SF:src\pages\Register.tsx
FN:6,(anonymous_0)
FNF:1
FNH:0
FNDA:0,(anonymous_0)
DA:6,1
DA:7,0
LF:2
LH:1
BRF:0
BRH:0
end_of_record
TN:
SF:src\pages\SystemStatus.tsx
FN:6,(anonymous_0)
FNF:1
FNH:0
FNDA:0,(anonymous_0)
DA:6,1
DA:7,0
LF:2
LH:1
BRF:0
BRH:0
end_of_record
TN:
SF:src\pages\UserCatalog.tsx
FN:4,(anonymous_0)
FNF:1
FNH:0
FNDA:0,(anonymous_0)
DA:4,1
LF:1
LH:1
BRF:0
BRH:0
end_of_record
TN:
SF:src\pages\UserManagement.tsx
FN:23,(anonymous_0)
FN:32,(anonymous_1)
FN:38,(anonymous_2)
FN:56,(anonymous_3)
FN:67,(anonymous_4)
FN:127,(anonymous_5)
FN:135,(anonymous_6)
FN:140,(anonymous_7)
FN:162,(anonymous_8)
FN:172,(anonymous_9)
FN:173,(anonymous_10)
FN:190,(anonymous_11)
FN:198,(anonymous_12)
FNF:13
FNH:0
FNDA:0,(anonymous_0)
FNDA:0,(anonymous_1)
FNDA:0,(anonymous_2)
FNDA:0,(anonymous_3)
FNDA:0,(anonymous_4)
FNDA:0,(anonymous_5)
FNDA:0,(anonymous_6)
FNDA:0,(anonymous_7)
FNDA:0,(anonymous_8)
FNDA:0,(anonymous_9)
FNDA:0,(anonymous_10)
FNDA:0,(anonymous_11)
FNDA:0,(anonymous_12)
DA:23,1
DA:24,0
DA:25,0
DA:26,0
DA:27,0
DA:28,0
DA:29,0
DA:30,0
DA:32,0
DA:33,0
DA:34,0
DA:38,0
DA:39,0
DA:40,0
DA:41,0
DA:45,0
DA:46,0
DA:47,0
DA:49,0
DA:50,0
DA:52,0
DA:56,0
DA:57,0
DA:58,0
DA:59,0
DA:60,0
DA:62,0
DA:63,0
DA:67,0
DA:68,0
DA:69,0
DA:70,0
DA:71,0
DA:73,0
DA:74,0
DA:78,0
DA:79,0
DA:89,0
DA:90,0
DA:97,0
DA:128,0
DA:136,0
DA:140,0
DA:163,0
DA:164,0
DA:165,0
DA:166,0
DA:172,0
DA:174,0
DA:191,0
DA:199,0
LF:51
LH:1
BRDA:33,0,0,0
BRDA:33,0,1,0
BRDA:45,1,0,0
BRDA:45,1,1,0
BRDA:46,2,0,0
BRDA:46,2,1,0
BRDA:49,3,0,0
BRDA:49,3,1,0
BRDA:62,4,0,0
BRDA:62,4,1,0
BRDA:73,5,0,0
BRDA:73,5,1,0
BRDA:78,6,0,0
BRDA:78,6,1,0
BRDA:89,7,0,0
BRDA:89,7,1,0
BRDA:107,8,0,0
BRDA:107,8,1,0
BRDA:131,9,0,0
BRDA:131,9,1,0
BRDA:134,10,0,0
BRDA:134,10,1,0
BRDA:134,11,0,0
BRDA:134,11,1,0
BRDA:153,12,0,0
BRDA:153,12,1,0
BRDA:154,13,0,0
BRDA:154,13,1,0
BRDA:156,14,0,0
BRDA:156,14,1,0
BRDA:161,15,0,0
BRDA:161,15,1,0
BRDA:165,16,0,0
BRDA:165,16,1,0
BRDA:193,17,0,0
BRDA:193,17,1,0
BRDA:197,18,0,0
BRDA:197,18,1,0
BRDA:197,19,0,0
BRDA:197,19,1,0
BRF:40
BRH:0
end_of_record
TN:
SF:src\pages\UserProfile.tsx
FN:11,(anonymous_0)
FN:23,(anonymous_1)
FN:48,(anonymous_2)
FN:49,(anonymous_3)
FN:52,(anonymous_4)
FN:56,(anonymous_5)
FN:57,(anonymous_6)
FN:85,(anonymous_7)
FN:89,(anonymous_8)
FN:107,(anonymous_9)
FN:132,(anonymous_10)
FN:177,(anonymous_11)
FN:183,(anonymous_12)
FN:307,(anonymous_13)
FN:317,(anonymous_14)
FN:330,(anonymous_15)
FN:337,(anonymous_16)
FNF:17
FNH:0
FNDA:0,(anonymous_0)
FNDA:0,(anonymous_1)
FNDA:0,(anonymous_2)
FNDA:0,(anonymous_3)
FNDA:0,(anonymous_4)
FNDA:0,(anonymous_5)
FNDA:0,(anonymous_6)
FNDA:0,(anonymous_7)
FNDA:0,(anonymous_8)
FNDA:0,(anonymous_9)
FNDA:0,(anonymous_10)
FNDA:0,(anonymous_11)
FNDA:0,(anonymous_12)
FNDA:0,(anonymous_13)
FNDA:0,(anonymous_14)
FNDA:0,(anonymous_15)
FNDA:0,(anonymous_16)
DA:11,1
DA:12,0
DA:13,0
DA:14,0
DA:15,0
DA:16,0
DA:17,0
DA:18,0
DA:20,0
DA:22,0
DA:24,0
DA:25,0
DA:26,0
DA:28,0
DA:30,0
DA:36,0
DA:37,0
DA:38,0
DA:39,0
DA:40,0
DA:42,0
DA:43,0
DA:45,0
DA:46,0
DA:48,0
DA:49,0
DA:52,0
DA:53,0
DA:56,0
DA:57,0
DA:58,0
DA:59,0
DA:61,0
DA:62,0
DA:63,0
DA:64,0
DA:65,0
DA:67,0
DA:68,0
DA:78,0
DA:82,0
DA:85,0
DA:86,0
DA:89,0
DA:90,0
DA:91,0
DA:92,0
DA:93,0
DA:94,0
DA:95,0
DA:97,0
DA:98,0
DA:100,0
DA:102,0
DA:103,0
DA:107,0
DA:108,0
DA:109,0
DA:110,0
DA:111,0
DA:112,0
DA:113,0
DA:115,0
DA:120,0
DA:121,0
DA:123,0
DA:125,0
DA:127,0
DA:128,0
DA:132,0
DA:133,0
DA:134,0
DA:143,0
DA:144,0
DA:162,0
DA:177,0
DA:183,0
DA:307,0
DA:317,0
DA:330,0
DA:337,0
LF:81
LH:1
BRDA:20,0,0,0
BRDA:20,0,1,0
BRDA:25,1,0,0
BRDA:25,1,1,0
BRDA:58,2,0,0
BRDA:58,2,1,0
BRDA:90,3,0,0
BRDA:90,3,1,0
BRDA:90,4,0,0
BRDA:90,4,1,0
BRDA:94,5,0,0
BRDA:94,5,1,0
BRDA:95,6,0,0
BRDA:95,6,1,0
BRDA:100,7,0,0
BRDA:100,7,1,0
BRDA:103,8,0,0
BRDA:103,8,1,0
BRDA:108,9,0,0
BRDA:108,9,1,0
BRDA:112,10,0,0
BRDA:112,10,1,0
BRDA:113,11,0,0
BRDA:113,11,1,0
BRDA:120,12,0,0
BRDA:120,12,1,0
BRDA:121,13,0,0
BRDA:121,13,1,0
BRDA:125,14,0,0
BRDA:125,14,1,0
BRDA:128,15,0,0
BRDA:128,15,1,0
BRDA:143,16,0,0
BRDA:143,16,1,0
BRDA:176,17,0,0
BRDA:176,17,1,0
BRDA:182,18,0,0
BRDA:182,18,1,0
BRDA:186,19,0,0
BRDA:186,19,1,0
BRDA:190,20,0,0
BRDA:190,20,1,0
BRDA:200,21,0,0
BRDA:200,21,1,0
BRDA:207,22,0,0
BRDA:207,22,1,0
BRDA:214,23,0,0
BRDA:214,23,1,0
BRDA:220,24,0,0
BRDA:220,24,1,0
BRDA:224,25,0,0
BRDA:224,25,1,0
BRDA:227,26,0,0
BRDA:227,26,1,0
BRDA:227,27,0,0
BRDA:227,27,1,0
BRDA:232,28,0,0
BRDA:232,28,1,0
BRDA:241,29,0,0
BRDA:241,29,1,0
BRDA:241,29,2,0
BRDA:248,30,0,0
BRDA:248,30,1,0
BRDA:248,30,2,0
BRDA:291,31,0,0
BRDA:291,31,1,0
BRDA:308,32,0,0
BRDA:308,32,1,0
BRDA:308,32,2,0
BRDA:309,33,0,0
BRDA:309,33,1,0
BRDA:311,34,0,0
BRDA:311,34,1,0
BRDA:318,35,0,0
BRDA:318,35,1,0
BRDA:318,35,2,0
BRDA:319,36,0,0
BRDA:319,36,1,0
BRDA:321,37,0,0
BRDA:321,37,1,0
BRDA:337,38,0,0
BRDA:337,38,1,0
BRDA:342,39,0,0
BRDA:342,39,1,0
BRDA:354,40,0,0
BRDA:354,40,1,0
BRDA:354,40,2,0
BRDA:360,41,0,0
BRDA:360,41,1,0
BRDA:363,42,0,0
BRDA:363,42,1,0
BRDA:370,43,0,0
BRDA:370,43,1,0
BRDA:377,44,0,0
BRDA:377,44,1,0
BRF:95
BRH:0
end_of_record
TN:
SF:src\services\api.ts
FN:107,(anonymous_0)
FN:109,(anonymous_1)
FN:110,(anonymous_2)
FN:114,(anonymous_3)
FN:116,(anonymous_4)
FN:117,(anonymous_5)
FN:121,(anonymous_6)
FN:122,(anonymous_7)
FN:125,(anonymous_8)
FN:126,(anonymous_9)
FN:129,(anonymous_10)
FN:136,(anonymous_11)
FN:164,(anonymous_12)
FN:170,(anonymous_13)
FN:187,(anonymous_14)
FN:197,(anonymous_15)
FN:216,(anonymous_16)
FN:232,(anonymous_17)
FN:244,(anonymous_18)
FN:246,(anonymous_19)
FN:262,(anonymous_20)
FN:305,(anonymous_21)
FN:315,(anonymous_22)
FN:337,(anonymous_23)
FN:365,(anonymous_24)
FN:397,(anonymous_25)
FN:436,(anonymous_26)
FN:456,(anonymous_27)
FN:477,(anonymous_28)
FN:497,(anonymous_29)
FN:510,(anonymous_30)
FN:523,(anonymous_31)
FN:534,(anonymous_32)
FN:544,(anonymous_33)
FN:565,(anonymous_34)
FN:596,(anonymous_35)
FN:606,(anonymous_36)
FN:616,(anonymous_37)
FN:629,(anonymous_38)
FN:649,(anonymous_39)
FN:654,(anonymous_40)
FN:665,(anonymous_41)
FN:681,(anonymous_42)
FN:693,(anonymous_43)
FN:707,(anonymous_44)
FN:709,(anonymous_45)
FN:717,(anonymous_46)
FN:726,(anonymous_47)
FN:733,(anonymous_48)
FN:741,(anonymous_49)
FN:747,(anonymous_50)
FN:763,(anonymous_51)
FNF:52
FNH:7
FNDA:1,(anonymous_0)
FNDA:1,(anonymous_1)
FNDA:1,(anonymous_2)
FNDA:1,(anonymous_3)
FNDA:1,(anonymous_4)
FNDA:1,(anonymous_5)
FNDA:0,(anonymous_6)
FNDA:0,(anonymous_7)
FNDA:0,(anonymous_8)
FNDA:0,(anonymous_9)
FNDA:0,(anonymous_10)
FNDA:0,(anonymous_11)
FNDA:0,(anonymous_12)
FNDA:0,(anonymous_13)
FNDA:0,(anonymous_14)
FNDA:0,(anonymous_15)
FNDA:0,(anonymous_16)
FNDA:0,(anonymous_17)
FNDA:0,(anonymous_18)
FNDA:0,(anonymous_19)
FNDA:0,(anonymous_20)
FNDA:0,(anonymous_21)
FNDA:0,(anonymous_22)
FNDA:0,(anonymous_23)
FNDA:0,(anonymous_24)
FNDA:0,(anonymous_25)
FNDA:0,(anonymous_26)
FNDA:0,(anonymous_27)
FNDA:0,(anonymous_28)
FNDA:0,(anonymous_29)
FNDA:0,(anonymous_30)
FNDA:0,(anonymous_31)
FNDA:0,(anonymous_32)
FNDA:0,(anonymous_33)
FNDA:0,(anonymous_34)
FNDA:0,(anonymous_35)
FNDA:0,(anonymous_36)
FNDA:0,(anonymous_37)
FNDA:0,(anonymous_38)
FNDA:0,(anonymous_39)
FNDA:0,(anonymous_40)
FNDA:0,(anonymous_41)
FNDA:0,(anonymous_42)
FNDA:0,(anonymous_43)
FNDA:0,(anonymous_44)
FNDA:0,(anonymous_45)
FNDA:0,(anonymous_46)
FNDA:0,(anonymous_47)
FNDA:0,(anonymous_48)
FNDA:0,(anonymous_49)
FNDA:0,(anonymous_50)
FNDA:4,(anonymous_51)
DA:13,2
DA:101,2
DA:102,2
DA:103,2
DA:104,2
DA:105,2
DA:108,1
DA:109,1
DA:110,1
DA:115,1
DA:116,1
DA:117,1
DA:122,0
DA:126,0
DA:130,0
DA:131,0
DA:133,0
DA:134,0
DA:136,0
DA:137,0
DA:138,0
DA:139,0
DA:140,0
DA:141,0
DA:142,0
DA:144,0
DA:145,0
DA:146,0
DA:148,0
DA:149,0
DA:151,0
DA:152,0
DA:153,0
DA:155,0
DA:158,0
DA:169,0
DA:170,0
DA:171,0
DA:172,0
DA:177,0
DA:178,0
DA:179,0
DA:180,0
DA:181,0
DA:184,0
DA:188,0
DA:189,0
DA:190,0
DA:192,0
DA:193,0
DA:198,0
DA:203,0
DA:204,0
DA:205,0
DA:208,0
DA:209,0
DA:212,0
DA:213,0
DA:217,0
DA:220,0
DA:221,0
DA:222,0
DA:225,0
DA:226,0
DA:229,0
DA:233,0
DA:234,0
DA:235,0
DA:236,0
DA:237,0
DA:239,0
DA:240,0
DA:245,0
DA:246,0
DA:247,0
DA:250,0
DA:255,0
DA:256,0
DA:259,0
DA:263,0
DA:265,0
DA:266,0
DA:268,0
DA:270,0
DA:271,0
DA:272,0
DA:273,0
DA:276,0
DA:277,0
DA:280,0
DA:282,0
DA:284,0
DA:285,0
DA:286,0
DA:288,0
DA:289,0
DA:290,0
DA:292,0
DA:293,0
DA:294,0
DA:296,0
DA:297,0
DA:299,0
DA:301,0
DA:305,0
DA:306,0
DA:308,0
DA:310,0
DA:311,0
DA:316,0
DA:319,0
DA:325,0
DA:326,0
DA:327,0
DA:328,0
DA:329,0
DA:330,0
DA:331,0
DA:333,0
DA:334,0
DA:338,0
DA:339,0
DA:340,0
DA:343,0
DA:346,0
DA:347,0
DA:348,0
DA:352,0
DA:354,0
DA:355,0
DA:356,0
DA:360,0
DA:361,0
DA:362,0
DA:366,0
DA:368,0
DA:376,0
DA:377,0
DA:378,0
DA:379,0
DA:382,0
DA:384,0
DA:385,0
DA:386,0
DA:388,0
DA:389,0
DA:392,0
DA:398,0
DA:400,0
DA:401,0
DA:405,0
DA:407,0
DA:408,0
DA:409,0
DA:411,0
DA:412,0
DA:414,0
DA:415,0
DA:416,0
DA:419,0
DA:420,0
DA:421,0
DA:422,0
DA:425,0
DA:428,0
DA:429,0
DA:432,0
DA:437,0
DA:439,0
DA:441,0
DA:442,0
DA:444,0
DA:446,0
DA:447,0
DA:451,0
DA:452,0
DA:453,0
DA:455,0
DA:456,0
DA:466,0
DA:471,0
DA:472,0
DA:473,0
DA:476,0
DA:477,0
DA:485,0
DA:489,0
DA:492,0
DA:493,0
DA:499,0
DA:500,0
DA:504,0
DA:505,0
DA:506,0
DA:511,0
DA:512,0
DA:513,0
DA:514,0
DA:515,0
DA:517,0
DA:519,0
DA:524,0
DA:526,0
DA:527,0
DA:530,0
DA:531,0
DA:539,0
DA:540,0
DA:543,0
DA:544,0
DA:545,0
DA:546,0
DA:550,0
DA:552,0
DA:557,0
DA:558,0
DA:559,0
DA:562,0
DA:566,0
DA:567,0
DA:568,0
DA:570,0
DA:572,0
DA:573,0
DA:574,0
DA:575,0
DA:578,0
DA:579,0
DA:580,0
DA:582,0
DA:585,0
DA:597,0
DA:599,0
DA:600,0
DA:603,0
DA:607,0
DA:609,0
DA:610,0
DA:613,0
DA:617,0
DA:618,0
DA:619,0
DA:620,0
DA:621,0
DA:622,0
DA:623,0
DA:624,0
DA:625,0
DA:626,0
DA:631,0
DA:632,0
DA:634,0
DA:635,0
DA:636,0
DA:638,0
DA:639,0
DA:641,0
DA:642,0
DA:645,0
DA:650,0
DA:651,0
DA:655,0
DA:658,0
DA:659,0
DA:660,0
DA:662,0
DA:666,0
DA:670,0
DA:671,0
DA:672,0
DA:674,0
DA:675,0
DA:676,0
DA:678,0
DA:682,0
DA:686,0
DA:687,0
DA:688,0
DA:690,0
DA:694,0
DA:699,0
DA:700,0
DA:701,0
DA:703,0
DA:708,0
DA:709,0
DA:710,0
DA:711,0
DA:713,0
DA:714,0
DA:718,0
DA:719,0
DA:720,0
DA:721,0
DA:722,0
DA:723,0
DA:730,0
DA:734,0
DA:735,0
DA:736,0
DA:737,0
DA:742,0
DA:748,0
DA:751,0
DA:752,0
DA:753,0
DA:755,0
DA:756,0
DA:757,0
DA:759,0
DA:764,4
DA:765,4
DA:766,4
DA:767,4
DA:768,3
DA:769,0
DA:770,0
DA:772,3
DA:776,2
LF:319
LH:19
BRDA:130,0,0,0
BRDA:130,0,1,0
BRDA:133,1,0,0
BRDA:133,1,1,0
BRDA:139,2,0,0
BRDA:139,2,1,0
BRDA:145,3,0,0
BRDA:145,3,1,0
BRDA:166,4,0,0
BRDA:167,5,0,0
BRDA:169,6,0,0
BRDA:169,6,1,0
BRDA:171,7,0,0
BRDA:171,7,1,0
BRDA:178,8,0,0
BRDA:178,8,1,0
BRDA:178,9,0,0
BRDA:178,9,1,0
BRDA:178,9,2,0
BRDA:180,10,0,0
BRDA:180,10,1,0
BRDA:188,11,0,0
BRDA:188,11,1,0
BRDA:204,12,0,0
BRDA:204,12,1,0
BRDA:208,13,0,0
BRDA:208,13,1,0
BRDA:212,14,0,0
BRDA:212,14,1,0
BRDA:221,15,0,0
BRDA:221,15,1,0
BRDA:225,16,0,0
BRDA:225,16,1,0
BRDA:255,17,0,0
BRDA:255,17,1,0
BRDA:270,18,0,0
BRDA:270,18,1,0
BRDA:282,19,0,0
BRDA:282,19,1,0
BRDA:286,20,0,0
BRDA:286,20,1,0
BRDA:286,21,0,0
BRDA:286,21,1,0
BRDA:290,22,0,0
BRDA:290,22,1,0
BRDA:290,23,0,0
BRDA:290,23,1,0
BRDA:294,24,0,0
BRDA:294,24,1,0
BRDA:294,25,0,0
BRDA:294,25,1,0
BRDA:320,26,0,0
BRDA:320,26,1,0
BRDA:320,26,2,0
BRDA:320,26,3,0
BRDA:321,27,0,0
BRDA:321,27,1,0
BRDA:321,27,2,0
BRDA:321,27,3,0
BRDA:325,28,0,0
BRDA:325,28,1,0
BRDA:326,29,0,0
BRDA:326,29,1,0
BRDA:327,30,0,0
BRDA:327,30,1,0
BRDA:328,31,0,0
BRDA:328,31,1,0
BRDA:329,32,0,0
BRDA:329,32,1,0
BRDA:330,33,0,0
BRDA:330,33,1,0
BRDA:331,34,0,0
BRDA:331,34,1,0
BRDA:338,35,0,0
BRDA:338,35,1,0
BRDA:346,36,0,0
BRDA:346,36,1,0
BRDA:346,37,0,0
BRDA:346,37,1,0
BRDA:352,38,0,0
BRDA:352,38,1,0
BRDA:352,39,0,0
BRDA:352,39,1,0
BRDA:384,40,0,0
BRDA:384,40,1,0
BRDA:407,41,0,0
BRDA:407,41,1,0
BRDA:421,42,0,0
BRDA:421,42,1,0
BRDA:421,43,0,0
BRDA:421,43,1,0
BRDA:444,44,0,0
BRDA:444,44,1,0
BRDA:444,45,0,0
BRDA:444,45,1,0
BRDA:451,46,0,0
BRDA:451,46,1,0
BRDA:455,47,0,0
BRDA:455,47,1,0
BRDA:457,48,0,0
BRDA:457,48,1,0
BRDA:476,49,0,0
BRDA:476,49,1,0
BRDA:476,50,0,0
BRDA:476,50,1,0
BRDA:476,50,2,0
BRDA:504,51,0,0
BRDA:504,51,1,0
BRDA:513,52,0,0
BRDA:513,52,1,0
BRDA:526,53,0,0
BRDA:526,53,1,0
BRDA:536,54,0,0
BRDA:537,55,0,0
BRDA:545,56,0,0
BRDA:545,56,1,0
BRDA:545,57,0,0
BRDA:545,57,1,0
BRDA:550,58,0,0
BRDA:550,58,1,0
BRDA:557,59,0,0
BRDA:557,59,1,0
BRDA:572,60,0,0
BRDA:572,60,1,0
BRDA:591,61,0,0
BRDA:591,61,1,0
BRDA:599,62,0,0
BRDA:599,62,1,0
BRDA:609,63,0,0
BRDA:609,63,1,0
BRDA:638,64,0,0
BRDA:638,64,1,0
BRDA:658,65,0,0
BRDA:658,65,1,0
BRDA:660,66,0,0
BRDA:660,66,1,0
BRDA:668,67,0,0
BRDA:668,67,1,0
BRDA:670,68,0,0
BRDA:670,68,1,0
BRDA:672,69,0,0
BRDA:672,69,1,0
BRDA:675,70,0,0
BRDA:675,70,1,0
BRDA:675,71,0,0
BRDA:675,71,1,0
BRDA:684,72,0,0
BRDA:684,72,1,0
BRDA:686,73,0,0
BRDA:686,73,1,0
BRDA:688,74,0,0
BRDA:688,74,1,0
BRDA:699,75,0,0
BRDA:699,75,1,0
BRDA:701,76,0,0
BRDA:701,76,1,0
BRDA:710,77,0,0
BRDA:710,77,1,0
BRDA:710,78,0,0
BRDA:710,78,1,0
BRDA:713,79,0,0
BRDA:713,79,1,0
BRDA:721,80,0,0
BRDA:721,80,1,0
BRDA:735,81,0,0
BRDA:735,81,1,0
BRDA:737,82,0,0
BRDA:737,82,1,0
BRDA:741,83,0,0
BRDA:751,84,0,0
BRDA:751,84,1,0
BRDA:753,85,0,0
BRDA:753,85,1,0
BRDA:756,86,0,0
BRDA:756,86,1,0
BRDA:756,87,0,0
BRDA:756,87,1,0
BRDA:764,88,0,4
BRDA:764,88,1,0
BRDA:766,89,0,0
BRDA:766,89,1,4
BRDA:768,90,0,0
BRDA:768,90,1,3
BRDA:770,91,0,0
BRDA:770,91,1,0
BRF:185
BRH:3
end_of_record
TN:
SF:src\services\authService.ts
FN:9,(anonymous_0)
FN:55,(anonymous_1)
FN:96,(anonymous_2)
FN:120,(anonymous_3)
FN:139,(anonymous_4)
FN:148,(anonymous_5)
FN:169,(anonymous_6)
FNF:7
FNH:0
FNDA:0,(anonymous_0)
FNDA:0,(anonymous_1)
FNDA:0,(anonymous_2)
FNDA:0,(anonymous_3)
FNDA:0,(anonymous_4)
FNDA:0,(anonymous_5)
FNDA:0,(anonymous_6)
DA:6,2
DA:8,2
DA:10,0
DA:11,0
DA:12,0
DA:14,0
DA:15,0
DA:17,0
DA:18,0
DA:24,0
DA:26,0
DA:27,0
DA:29,0
DA:33,0
DA:34,0
DA:37,0
DA:38,0
DA:39,0
DA:41,0
DA:42,0
DA:45,0
DA:46,0
DA:47,0
DA:51,0
DA:56,0
DA:57,0
DA:59,0
DA:60,0
DA:68,0
DA:70,0
DA:71,0
DA:73,0
DA:77,0
DA:78,0
DA:81,0
DA:82,0
DA:83,0
DA:86,0
DA:87,0
DA:88,0
DA:92,0
DA:97,0
DA:99,0
DA:107,0
DA:108,0
DA:109,0
DA:110,0
DA:112,0
DA:115,0
DA:116,0
DA:117,0
DA:121,0
DA:123,0
DA:131,0
DA:132,0
DA:133,0
DA:136,0
DA:140,0
DA:141,0
DA:142,0
DA:144,0
DA:149,0
DA:150,0
DA:152,0
DA:153,0
DA:159,0
DA:160,0
DA:162,0
DA:164,0
DA:165,0
DA:170,0
DA:171,0
DA:172,0
LF:73
LH:2
BRDA:15,0,0,0
BRDA:15,0,1,0
BRDA:24,1,0,0
BRDA:24,1,1,0
BRDA:34,2,0,0
BRDA:34,2,1,0
BRDA:38,3,0,0
BRDA:38,3,1,0
BRDA:45,4,0,0
BRDA:45,4,1,0
BRDA:45,5,0,0
BRDA:45,5,1,0
BRDA:68,6,0,0
BRDA:68,6,1,0
BRDA:78,7,0,0
BRDA:78,7,1,0
BRDA:86,8,0,0
BRDA:86,8,1,0
BRDA:86,9,0,0
BRDA:86,9,1,0
BRDA:107,10,0,0
BRDA:107,10,1,0
BRDA:108,11,0,0
BRDA:108,11,1,0
BRDA:131,12,0,0
BRDA:131,12,1,0
BRDA:150,13,0,0
BRDA:150,13,1,0
BRDA:159,14,0,0
BRDA:159,14,1,0
BRDA:170,15,0,0
BRDA:170,15,1,0
BRF:32
BRH:0
end_of_record
TN:
SF:src\types\auth.ts
FNF:0
FNH:0
LF:0
LH:0
BRF:0
BRH:0
end_of_record
TN:
SF:src\types\index.ts
FNF:0
FNH:0
LF:0
LH:0
BRF:0
BRH:0
end_of_record
TN:
SF:src\utils\authCookies.ts
FN:13,readAllCookies
FN:30,buildCookieString
FN:36,getAccessTokenCookie
FN:41,getRefreshTokenCookie
FN:46,setAccessTokenCookie
FN:50,setRefreshTokenCookie
FN:54,clearAccessTokenCookie
FN:58,clearRefreshTokenCookie
FN:62,clearAuthCookies
FN:68,migrateTokensFromLocalStorage
FNF:10
FNH:9
FNDA:6,readAllCookies
FNDA:2,buildCookieString
FNDA:5,getAccessTokenCookie
FNDA:1,getRefreshTokenCookie
FNDA:2,setAccessTokenCookie
FNDA:0,setRefreshTokenCookie
FNDA:1,clearAccessTokenCookie
FNDA:1,clearRefreshTokenCookie
FNDA:1,clearAuthCookies
FNDA:2,migrateTokensFromLocalStorage
DA:6,3
DA:7,3
DA:10,3
DA:11,3
DA:14,6
DA:15,1
DA:16,1
DA:17,1
DA:18,1
DA:19,1
DA:20,1
DA:21,1
DA:22,1
DA:24,0
DA:27,1
DA:31,2
DA:32,2
DA:33,2
DA:37,5
DA:38,5
DA:42,1
DA:43,1
DA:47,2
DA:51,0
DA:55,1
DA:59,1
DA:63,1
DA:64,1
DA:69,2
DA:70,2
DA:71,2
DA:72,0
DA:73,0
DA:75,2
DA:76,0
DA:77,0
LF:36
LH:30
BRDA:14,0,0,5
BRDA:14,0,1,1
BRDA:18,1,0,0
BRDA:18,1,1,1
BRDA:32,2,0,0
BRDA:32,2,1,2
BRDA:32,3,0,2
BRDA:32,3,1,2
BRDA:38,4,0,1
BRDA:38,4,1,4
BRDA:38,5,0,5
BRDA:38,5,1,1
BRDA:43,6,0,0
BRDA:43,6,1,1
BRDA:43,7,0,1
BRDA:43,7,1,0
BRDA:71,8,0,0
BRDA:71,8,1,2
BRDA:71,9,0,2
BRDA:71,9,1,0
BRDA:75,10,0,0
BRDA:75,10,1,2
BRDA:75,11,0,2
BRDA:75,11,1,0
BRF:24
BRH:16
end_of_record
